<?xml version="1.0" encoding="UTF-8" standalone="no"?><testsuite errors="0" failures="1" hostname="dyn208.cs.york.ac.uk" name="default.CollectionsTests" tests="50" time="0.0990000"><properties>
[...]
</properties><testcase classname="default.CollectionsTests.eol" name="testFirst" time="0.00200000"/><testcase classname="default.CollectionsTests.eol" name="testIncludesCollection" time="0.00100000"/><testcase classname="default.CollectionsTests.eol" name="testSetsNotEqual" time="0.00100000"/><testcase classname="default.CollectionsTests.eol" name="testSetsEqual" time="0.00100000"/><testcase classname="default.CollectionsTests.eol" name="testSequencesNotEqual" time="0.0120000"/><testcase classname="default.CollectionsTests.eol" name="testSequencesEqual" time="0.00100000"/><testcase classname="default.CollectionsTests.eol" name="testIncludes" time="0.00500000"/><testcase classname="default.CollectionsTests.eol" name="testExcludes" time="0.00100000"/><testcase classname="default.CollectionsTests.eol" name="testExcluding" time="0.00100000"/><testcase classname="default.CollectionsTests.eol" name="testExcludingAll" time="0.00100000"/><testcase classname="default.CollectionsTests.eol" name="testIncluding" time="0.00000"/><testcase classname="default.CollectionsTests.eol" name="testIncludingAll" time="0.00100000"/><testcase classname="default.CollectionsTests.eol" name="testLast" time="0.00100000"/><testcase classname="default.CollectionsTests.eol" name="testSequenceEquals" time="0.00200000"/><testcase classname="default.CollectionsTests.eol" name="testModifiedSetUniqueness" time="0.00100000"/><testcase classname="default.CollectionsTests.eol" name="testRemoveDuplicates" time="0.00000"/><testcase classname="default.CollectionsTests.eol" name="testEolSetFromUnmodifiableSet" time="0.00200000"/><testcase classname="default.CollectionsTests.eol" name="testSortByOnOrderedSet" time="0.0100000"/><testcase classname="default.CollectionsTests.eol" name="testSortWithDuplicates" time="0.00100000"/><testcase classname="default.CollectionsTests.eol" name="testSortSquare" time="0.00100000"/><testcase classname="default.CollectionsTests.eol" name="testDeclaredSetUniqueness" time="0.00100000"/><testcase classname="default.CollectionsTests.eol" name="testSetIncludesObject" time="0.00100000"/><testcase classname="default.CollectionsTests.eol" name="testSequenceIncludesObject" time="0.00100000"/><testcase classname="default.CollectionsTests.eol" name="testSetIncludesPrimitive" time="0.00000"/><testcase classname="default.CollectionsTests.eol" name="testSequenceIncludesPrimitive" time="0.00100000"/><testcase classname="default.CollectionsTests.eol" name="testConvertedSetUniqueness" time="0.00100000"/><testcase classname="default.CollectionsTests.eol" name="testCount" time="0.00100000"/><testcase classname="default.CollectionsTests.eol" name="testRandom" time="0.00000"/><testcase classname="default.CollectionsTests.eol" name="testIncludingSize" time="0.00100000"/><testcase classname="default.CollectionsTests.eol" name="testBagEquals" time="0.00100000"/><testcase classname="default.CollectionsTests.eol" name="testReorderedSetEquals" time="0.00000"/><testcase classname="default.CollectionsTests.eol" name="testOrderedSetAt" time="0.00100000"/><testcase classname="default.CollectionsTests.eol" name="testSequenceAt" time="0.0130000"/><testcase classname="default.CollectionsTests.eol" name="testIncludesAll" time="0.00100000"/><testcase classname="default.CollectionsTests.eol" name="testSequenceRange" time="0.00000"/><testcase classname="default.CollectionsTests.eol" name="testInvalidSequenceRanges" time="0.00100000"/><testcase classname="default.CollectionsTests.eol" name="testReverseSequenceRange" time="0.00000"/><testcase classname="default.CollectionsTests.eol" name="testInvert" time="0.00100000"/><testcase classname="default.CollectionsTests.eol" name="testSelectCorrectTypeSequence" time="0.00100000"/><testcase classname="default.CollectionsTests.eol" name="testSelectCorrectTypeSet" time="0.00000"/><testcase classname="default.CollectionsTests.eol" name="testCollectCorrectTypeSet" time="0.00100000"/><testcase classname="default.CollectionsTests.eol" name="testSelectCorrectTypeOrderedSet" time="0.00100000"/><testcase classname="default.CollectionsTests.eol" name="testCollectCorrectTypeOrderedSet" time="0.00400000"/><testcase classname="default.CollectionsTests.eol" name="testSelectCorrectTypeBag" time="0.00300000"/><testcase classname="default.CollectionsTests.eol" name="testRemoveByIndexInSequence" time="0.0160000"/><testcase classname="default.CollectionsTests.eol" name="testRemoveByIndexInOrderedSet" time="0.00100000"/><testcase classname="default.CollectionsTests.eol" name="testRemove" time="0.00000"><failure message="Expected Sequence {1, 3}, but got Sequence {2, 3} instead (/Users/dimitrioskolovos/Projects/Eclipse/3.6.1/Eclipse.app/Contents/MacOS/workspace/org.eclipse.epsilon.eol.engine.test.acceptance/bin/org/eclipse/epsilon/eol/engine/test/acceptance/CollectionsTests.eol@265:4)" type="org.eclipse.epsilon.eol.exceptions.EolAssertionException">Expected Sequence {1, 3}, but got Sequence {2, 3} instead (/Users/dimitrioskolovos/Projects/Eclipse/3.6.1/Eclipse.app/Contents/MacOS/workspace/org.eclipse.epsilon.eol.engine.test.acceptance/bin/org/eclipse/epsilon/eol/engine/test/acceptance/CollectionsTests.eol@265:4)
	at org.eclipse.epsilon.eol.execute.operations.simple.assertions.EqualityAssertionOperation.execute(EqualityAssertionOperation.java:134)
	at org.eclipse.epsilon.eol.execute.operations.simple.AbstractSimpleOperation.execute(AbstractSimpleOperation.java:59)
	at org.eclipse.epsilon.eol.execute.PointExecutor.executeOperation(PointExecutor.java:166)
	at org.eclipse.epsilon.eol.execute.PointExecutor.execute(PointExecutor.java:74)
	at org.eclipse.epsilon.eol.execute.ContextlessOperationExecutor.execute(ContextlessOperationExecutor.java:27)
	at org.eclipse.epsilon.eol.execute.NameExecutor.execute(NameExecutor.java:38)
	at org.eclipse.epsilon.eol.execute.NameExecutor.execute(NameExecutor.java:94)
	at org.eclipse.epsilon.eol.execute.ExecutorFactory.executeAST(ExecutorFactory.java:179)
	at org.eclipse.epsilon.eol.execute.StatementBlockExecutor.execute(StatementBlockExecutor.java:34)
	at org.eclipse.epsilon.eol.execute.ExecutorFactory.executeAST(ExecutorFactory.java:179)
	at org.eclipse.epsilon.eol.EolOperation.executeBody(EolOperation.java:262)
	at org.eclipse.epsilon.eol.EolOperation.execute(EolOperation.java:235)
	at org.eclipse.epsilon.eol.eunit.EUnitModule.runLeafTestCase(EUnitModule.java:341)
	at org.eclipse.epsilon.eol.eunit.EUnitModule.runSuiteInternal(EUnitModule.java:295)
	at org.eclipse.epsilon.eol.eunit.EUnitModule.runSuite(EUnitModule.java:131)
	at org.eclipse.epsilon.eol.eunit.EUnitModule.runInnerTestCase(EUnitModule.java:310)
	at org.eclipse.epsilon.eol.eunit.EUnitModule.runSuiteInternal(EUnitModule.java:297)
	at org.eclipse.epsilon.eol.eunit.EUnitModule.runSuite(EUnitModule.java:131)
	at org.eclipse.epsilon.eol.eunit.EUnitModule.execute(EUnitModule.java:106)
	at org.eclipse.epsilon.eol.engine.test.acceptance.eunit.EUnitRunner.run(EUnitRunner.java:93)
	at org.junit.runners.Suite.runChild(Suite.java:128)
	at org.junit.runners.Suite.runChild(Suite.java:24)
	at org.junit.runners.ParentRunner$3.run(ParentRunner.java:193)
	at org.junit.runners.ParentRunner$1.schedule(ParentRunner.java:52)
	at org.junit.runners.ParentRunner.runChildren(ParentRunner.java:191)
	at org.junit.runners.ParentRunner.access$000(ParentRunner.java:42)
	at org.junit.runners.ParentRunner$2.evaluate(ParentRunner.java:184)
	at org.junit.runners.ParentRunner.run(ParentRunner.java:236)
	at org.junit.runners.Suite.runChild(Suite.java:128)
	at org.junit.runners.Suite.runChild(Suite.java:24)
	at org.junit.runners.ParentRunner$3.run(ParentRunner.java:193)
	at org.junit.runners.ParentRunner$1.schedule(ParentRunner.java:52)
	at org.junit.runners.ParentRunner.runChildren(ParentRunner.java:191)
	at org.junit.runners.ParentRunner.access$000(ParentRunner.java:42)
	at org.junit.runners.ParentRunner$2.evaluate(ParentRunner.java:184)
	at org.junit.runners.ParentRunner.run(ParentRunner.java:236)
	at org.eclipse.jdt.internal.junit4.runner.JUnit4TestReference.run(JUnit4TestReference.java:49)
	at org.eclipse.jdt.internal.junit.runner.TestExecution.run(TestExecution.java:38)
	at org.eclipse.jdt.internal.junit.runner.RemoteTestRunner.runTests(RemoteTestRunner.java:467)
	at org.eclipse.jdt.internal.junit.runner.RemoteTestRunner.runTests(RemoteTestRunner.java:683)
	at org.eclipse.jdt.internal.junit.runner.RemoteTestRunner.run(RemoteTestRunner.java:390)
	at org.eclipse.jdt.internal.junit.runner.RemoteTestRunner.main(RemoteTestRunner.java:197)
</failure></testcase><testcase classname="default.CollectionsTests.eol" name="testConcat" time="0.00000"/><testcase classname="default.CollectionsTests.eol" name="testConcatEmpty" time="0.00100000"/><testcase classname="default.CollectionsTests.eol" name="testConcatWithGlue" time="0.00000"/><system-out>Set {b, a}
</system-out><system-err/></testsuite>