<?xml version="1.0" encoding="UTF-8" standalone="no"?><testsuite errors="0" failures="0" hostname="DESKTOP-MS3QF2I" name="default.ParallelFirstOrderOperationEquivalenceTests" tests="16" time="0.169000"><properties>
[...]
</properties><testcase classname="default.ParallelFirstOrderOperationEquivalenceTests" name="testParallelSelectEquivalence" time="0.00600000"/><testcase classname="default.ParallelFirstOrderOperationEquivalenceTests" name="testParallelRejectEquivalence" time="0.00700000"/><testcase classname="default.ParallelFirstOrderOperationEquivalenceTests" name="testParallelSelectOneEquivalence" time="0.00500000"/><testcase classname="default.ParallelFirstOrderOperationEquivalenceTests" name="testParallelRejectOneEquivalence" time="0.00800000"/><testcase classname="default.ParallelFirstOrderOperationEquivalenceTests" name="testParallelExistsEquivalence" time="0.00800000"/><testcase classname="default.ParallelFirstOrderOperationEquivalenceTests" name="testParallelOneEquivalence" time="0.00900000"/><testcase classname="default.ParallelFirstOrderOperationEquivalenceTests" name="testParallelNoneEquivalence" time="0.00800000"/><testcase classname="default.ParallelFirstOrderOperationEquivalenceTests" name="testParallelAtMostNMatchEquivalence" time="0.0120000"/><testcase classname="default.ParallelFirstOrderOperationEquivalenceTests" name="testParallelAtLeastNMatchEquivalence" time="0.00600000"/><testcase classname="default.ParallelFirstOrderOperationEquivalenceTests" name="testParallelNMatchEquivalence" time="0.00800000"/><testcase classname="default.ParallelFirstOrderOperationEquivalenceTests" name="testParallelCountEquivalence" time="0.0110000"/><testcase classname="default.ParallelFirstOrderOperationEquivalenceTests" name="testParallelForAllEquivalence" time="0.0120000"/><testcase classname="default.ParallelFirstOrderOperationEquivalenceTests" name="testParallelCollectEquivalence" time="0.00500000"/><testcase classname="default.ParallelFirstOrderOperationEquivalenceTests" name="testParallelSortByEquivalence" time="0.00400000"/><testcase classname="default.ParallelFirstOrderOperationEquivalenceTests" name="testParallelSortByEquivalence" time="0.00500000"/><testcase classname="default.ParallelFirstOrderOperationEquivalenceTests" name="testParallelMapByEquivalence" time="0.0550000"/><system-out/><system-err/></testsuite>