<?xml version="1.0" encoding="UTF-8" standalone="no"?><testsuite errors="0" failures="0" hostname="Dimitrios-Kolovoss-MacBook-Pro.local" name="default.tests" tests="5" time="0.736000"><properties>
[...]
</properties><testcase classname="default.tests.eunit" name="integers" time="0.0270000"/><testcase classname="default.tests.eunit" name="floats" time="0.00000"/><testcase classname="default.tests.eunit" name="strings" time="0.00100000"/><testcase classname="default.tests.eunit" name="errors" time="0.00100000"/><testcase classname="default.tests.eunit" name="customAssertion" time="0.00400000"/><system-out>Test integers {} passed [cpu: 5 ms, wallclock: 27 ms]
Test floats {} passed [cpu: 0 ms, wallclock: 0 ms]
Test strings {} passed [cpu: 0 ms, wallclock: 1 ms]
Test errors {} passed [cpu: 0 ms, wallclock: 1 ms]
Test customAssertion {} passed [cpu: 3 ms, wallclock: 4 ms]
Test root {} passed [cpu: 24 ms, wallclock: 736 ms]
</system-out><system-err/></testsuite>