<?xml version="1.0" encoding="UTF-8" ?>
<testsuites>
  <testsuite errors="1" failures="0" hostname="dyn107.cs.york.ac.uk" id="0" name="sample-error" package="default" tests="3" time="0.0750000">
    <properties>
[...]
</properties>
    <testcase classname="default.sample-error.eunit" name="twoElements" time="0.0140000" />
    <testcase classname="default.sample-error.eunit" name="firstElement" time="0.0280000" />
    <testcase classname="default.sample-error.eunit" name="iAmError" time="0.0220000">
      <error message="Method &apos;toString&apos; not found (/Users/louis/Code/eclipse/workspaces/helios/epsilon/org.eclipse.epsilon.workflow.test/resources/eunit/sample-error.eunit@18:7)" type="org.eclipse.epsilon.eol.exceptions.EolIllegalOperationException">Method &apos;toString&apos; not found (/Users/louis/Code/eclipse/workspaces/helios/epsilon/org.eclipse.epsilon.workflow.test/resources/eunit/sample-error.eunit@18:7)
	at org.eclipse.epsilon.eol.execute.PointExecutor.executeOperation(PointExecutor.java:169)
	at org.eclipse.epsilon.eol.execute.PointExecutor.execute(PointExecutor.java:74)
	at org.eclipse.epsilon.eol.execute.PointExecutor.execute(PointExecutor.java:42)
	at org.eclipse.epsilon.eol.execute.PointExecutor.execute(PointExecutor.java:130)
	at org.eclipse.epsilon.eol.execute.ExecutorFactory.executeAST(ExecutorFactory.java:179)
	at org.eclipse.epsilon.eol.execute.StatementBlockExecutor.execute(StatementBlockExecutor.java:34)
	at org.eclipse.epsilon.eol.execute.ExecutorFactory.executeAST(ExecutorFactory.java:179)
	at org.eclipse.epsilon.eol.EolOperation.executeBody(EolOperation.java:262)
	at org.eclipse.epsilon.eol.EolOperation.execute(EolOperation.java:235)
	at org.eclipse.epsilon.eol.eunit.EUnitModule.runLeafTestCase(EUnitModule.java:341)
	at org.eclipse.epsilon.eol.eunit.EUnitModule.runSuiteInternal(EUnitModule.java:295)
	at org.eclipse.epsilon.eol.eunit.EUnitModule.runSuite(EUnitModule.java:131)
	at org.eclipse.epsilon.eol.eunit.EUnitModule.runInnerTestCase(EUnitModule.java:310)
	at org.eclipse.epsilon.eol.eunit.EUnitModule.runSuiteInternal(EUnitModule.java:297)
	at org.eclipse.epsilon.eol.eunit.EUnitModule.runSuite(EUnitModule.java:131)
	at org.eclipse.epsilon.eol.eunit.EUnitModule.execute(EUnitModule.java:106)
	at org.eclipse.epsilon.workflow.tasks.ModuleTask.executeImpl(ModuleTask.java:55)
	at org.eclipse.epsilon.workflow.tasks.EpsilonTask.execute(EpsilonTask.java:40)
	at org.apache.tools.ant.UnknownElement.execute(UnknownElement.java:288)
	at sun.reflect.GeneratedMethodAccessor73.invoke(Unknown Source)
	at sun.reflect.DelegatingMethodAccessorImpl.invoke(DelegatingMethodAccessorImpl.java:25)
	at java.lang.reflect.Method.invoke(Method.java:597)
	at org.apache.tools.ant.dispatch.DispatchUtils.execute(DispatchUtils.java:106)
	at org.apache.tools.ant.Task.perform(Task.java:348)
	at org.apache.tools.ant.Target.execute(Target.java:357)
	at org.apache.tools.ant.Target.performTasks(Target.java:385)
	at org.apache.tools.ant.Project.executeSortedTargets(Project.java:1337)
	at org.apache.tools.ant.helper.SingleCheckExecutor.executeTargets(SingleCheckExecutor.java:38)
	at org.apache.tools.ant.Project.executeTargets(Project.java:1189)
	at org.apache.tools.ant.taskdefs.Ant.execute(Ant.java:416)
	at org.apache.tools.ant.taskdefs.CallTarget.execute(CallTarget.java:105)
	at org.apache.tools.ant.UnknownElement.execute(UnknownElement.java:288)
	at sun.reflect.GeneratedMethodAccessor73.invoke(Unknown Source)
	at sun.reflect.DelegatingMethodAccessorImpl.invoke(DelegatingMethodAccessorImpl.java:25)
	at java.lang.reflect.Method.invoke(Method.java:597)
	at org.apache.tools.ant.dispatch.DispatchUtils.execute(DispatchUtils.java:106)
	at org.apache.tools.ant.Task.perform(Task.java:348)
	at org.apache.tools.ant.Target.execute(Target.java:357)
	at org.apache.tools.ant.Target.performTasks(Target.java:385)
	at org.apache.tools.ant.Project.executeSortedTargets(Project.java:1337)
	at org.apache.tools.ant.Project.executeTarget(Project.java:1306)
	at org.eclipse.epsilon.workflow.test.WorkflowTestCase.runTarget(WorkflowTestCase.java:40)
	at org.eclipse.epsilon.workflow.test.eunit.EUnitJUnitXMLOutputTest.testWithErrorsProducesGoodOutput(EUnitJUnitXMLOutputTest.java:96)
	at sun.reflect.NativeMethodAccessorImpl.invoke0(Native Method)
	at sun.reflect.NativeMethodAccessorImpl.invoke(NativeMethodAccessorImpl.java:39)
	at sun.reflect.DelegatingMethodAccessorImpl.invoke(DelegatingMethodAccessorImpl.java:25)
	at java.lang.reflect.Method.invoke(Method.java:597)
	at org.junit.runners.model.FrameworkMethod$1.runReflectiveCall(FrameworkMethod.java:44)
	at org.junit.internal.runners.model.ReflectiveCallable.run(ReflectiveCallable.java:15)
	at org.junit.runners.model.FrameworkMethod.invokeExplosively(FrameworkMethod.java:41)
	at org.junit.internal.runners.statements.InvokeMethod.evaluate(InvokeMethod.java:20)
	at org.junit.runners.BlockJUnit4ClassRunner.runChild(BlockJUnit4ClassRunner.java:76)
	at org.junit.runners.BlockJUnit4ClassRunner.runChild(BlockJUnit4ClassRunner.java:50)
	at org.junit.runners.ParentRunner$3.run(ParentRunner.java:193)
	at org.junit.runners.ParentRunner$1.schedule(ParentRunner.java:52)
	at org.junit.runners.ParentRunner.runChildren(ParentRunner.java:191)
	at org.junit.runners.ParentRunner.access$000(ParentRunner.java:42)
	at org.junit.runners.ParentRunner$2.evaluate(ParentRunner.java:184)
	at org.junit.internal.runners.statements.RunAfters.evaluate(RunAfters.java:31)
	at org.junit.runners.ParentRunner.run(ParentRunner.java:236)
	at org.junit.runners.Suite.runChild(Suite.java:128)
	at org.junit.runners.Suite.runChild(Suite.java:24)
	at org.junit.runners.ParentRunner$3.run(ParentRunner.java:193)
	at org.junit.runners.ParentRunner$1.schedule(ParentRunner.java:52)
	at org.junit.runners.ParentRunner.runChildren(ParentRunner.java:191)
	at org.junit.runners.ParentRunner.access$000(ParentRunner.java:42)
	at org.junit.runners.ParentRunner$2.evaluate(ParentRunner.java:184)
	at org.junit.runners.ParentRunner.run(ParentRunner.java:236)
	at org.junit.runners.Suite.runChild(Suite.java:128)
	at org.junit.runners.Suite.runChild(Suite.java:24)
	at org.junit.runners.ParentRunner$3.run(ParentRunner.java:193)
	at org.junit.runners.ParentRunner$1.schedule(ParentRunner.java:52)
	at org.junit.runners.ParentRunner.runChildren(ParentRunner.java:191)
	at org.junit.runners.ParentRunner.access$000(ParentRunner.java:42)
	at org.junit.runners.ParentRunner$2.evaluate(ParentRunner.java:184)
	at org.junit.runners.ParentRunner.run(ParentRunner.java:236)
	at org.eclipse.jdt.internal.junit4.runner.JUnit4TestReference.run(JUnit4TestReference.java:49)
	at org.eclipse.jdt.internal.junit.runner.TestExecution.run(TestExecution.java:38)
	at org.eclipse.jdt.internal.junit.runner.RemoteTestRunner.runTests(RemoteTestRunner.java:467)
	at org.eclipse.jdt.internal.junit.runner.RemoteTestRunner.runTests(RemoteTestRunner.java:683)
	at org.eclipse.jdt.internal.junit.runner.RemoteTestRunner.run(RemoteTestRunner.java:390)
	at org.eclipse.jdt.internal.junit.runner.RemoteTestRunner.main(RemoteTestRunner.java:197)
</error>
    </testcase>
    <system-out>Test twoElements () passed [cpu: 13 ms, wallclock: 14 ms]
Test firstElement () passed [cpu: 13 ms, wallclock: 28 ms]
Global result: ERROR [cpu: 46 ms, wallclock: 75 ms]
</system-out>
    <system-err>Test iAmError () failed with status ERROR: Method &apos;toString&apos; not found (/Users/louis/Code/eclipse/workspaces/helios/epsilon/org.eclipse.epsilon.workflow.test/resources/eunit/sample-error.eunit@18:7)
Method &apos;toString&apos; not found (/Users/louis/Code/eclipse/workspaces/helios/epsilon/org.eclipse.epsilon.workflow.test/resources/eunit/sample-error.eunit@18:7)
	at org.eclipse.epsilon.eol.execute.PointExecutor.executeOperation(PointExecutor.java:169)
	at org.eclipse.epsilon.eol.execute.PointExecutor.execute(PointExecutor.java:74)
	at org.eclipse.epsilon.eol.execute.PointExecutor.execute(PointExecutor.java:42)
	at org.eclipse.epsilon.eol.execute.PointExecutor.execute(PointExecutor.java:130)
	at org.eclipse.epsilon.eol.execute.ExecutorFactory.executeAST(ExecutorFactory.java:179)
	at org.eclipse.epsilon.eol.execute.StatementBlockExecutor.execute(StatementBlockExecutor.java:34)
	at org.eclipse.epsilon.eol.execute.ExecutorFactory.executeAST(ExecutorFactory.java:179)
	at org.eclipse.epsilon.eol.EolOperation.executeBody(EolOperation.java:262)
	at org.eclipse.epsilon.eol.EolOperation.execute(EolOperation.java:235)
	at org.eclipse.epsilon.eol.eunit.EUnitModule.runLeafTestCase(EUnitModule.java:341)
	at org.eclipse.epsilon.eol.eunit.EUnitModule.runSuiteInternal(EUnitModule.java:295)
	at org.eclipse.epsilon.eol.eunit.EUnitModule.runSuite(EUnitModule.java:131)
	at org.eclipse.epsilon.eol.eunit.EUnitModule.runInnerTestCase(EUnitModule.java:310)
	at org.eclipse.epsilon.eol.eunit.EUnitModule.runSuiteInternal(EUnitModule.java:297)
	at org.eclipse.epsilon.eol.eunit.EUnitModule.runSuite(EUnitModule.java:131)
	at org.eclipse.epsilon.eol.eunit.EUnitModule.execute(EUnitModule.java:106)
	at org.eclipse.epsilon.workflow.tasks.ModuleTask.executeImpl(ModuleTask.java:55)
	at org.eclipse.epsilon.workflow.tasks.EpsilonTask.execute(EpsilonTask.java:40)
	at org.apache.tools.ant.UnknownElement.execute(UnknownElement.java:288)
	at sun.reflect.GeneratedMethodAccessor73.invoke(Unknown Source)
	at sun.reflect.DelegatingMethodAccessorImpl.invoke(DelegatingMethodAccessorImpl.java:25)
	at java.lang.reflect.Method.invoke(Method.java:597)
	at org.apache.tools.ant.dispatch.DispatchUtils.execute(DispatchUtils.java:106)
	at org.apache.tools.ant.Task.perform(Task.java:348)
	at org.apache.tools.ant.Target.execute(Target.java:357)
	at org.apache.tools.ant.Target.performTasks(Target.java:385)
	at org.apache.tools.ant.Project.executeSortedTargets(Project.java:1337)
	at org.apache.tools.ant.helper.SingleCheckExecutor.executeTargets(SingleCheckExecutor.java:38)
	at org.apache.tools.ant.Project.executeTargets(Project.java:1189)
	at org.apache.tools.ant.taskdefs.Ant.execute(Ant.java:416)
	at org.apache.tools.ant.taskdefs.CallTarget.execute(CallTarget.java:105)
	at org.apache.tools.ant.UnknownElement.execute(UnknownElement.java:288)
	at sun.reflect.GeneratedMethodAccessor73.invoke(Unknown Source)
	at sun.reflect.DelegatingMethodAccessorImpl.invoke(DelegatingMethodAccessorImpl.java:25)
	at java.lang.reflect.Method.invoke(Method.java:597)
	at org.apache.tools.ant.dispatch.DispatchUtils.execute(DispatchUtils.java:106)
	at org.apache.tools.ant.Task.perform(Task.java:348)
	at org.apache.tools.ant.Target.execute(Target.java:357)
	at org.apache.tools.ant.Target.performTasks(Target.java:385)
	at org.apache.tools.ant.Project.executeSortedTargets(Project.java:1337)
	at org.apache.tools.ant.Project.executeTarget(Project.java:1306)
	at org.eclipse.epsilon.workflow.test.WorkflowTestCase.runTarget(WorkflowTestCase.java:40)
	at org.eclipse.epsilon.workflow.test.eunit.EUnitJUnitXMLOutputTest.testWithErrorsProducesGoodOutput(EUnitJUnitXMLOutputTest.java:96)
	at sun.reflect.NativeMethodAccessorImpl.invoke0(Native Method)
	at sun.reflect.NativeMethodAccessorImpl.invoke(NativeMethodAccessorImpl.java:39)
	at sun.reflect.DelegatingMethodAccessorImpl.invoke(DelegatingMethodAccessorImpl.java:25)
	at java.lang.reflect.Method.invoke(Method.java:597)
	at org.junit.runners.model.FrameworkMethod$1.runReflectiveCall(FrameworkMethod.java:44)
	at org.junit.internal.runners.model.ReflectiveCallable.run(ReflectiveCallable.java:15)
	at org.junit.runners.model.FrameworkMethod.invokeExplosively(FrameworkMethod.java:41)
	at org.junit.internal.runners.statements.InvokeMethod.evaluate(InvokeMethod.java:20)
	at org.junit.runners.BlockJUnit4ClassRunner.runChild(BlockJUnit4ClassRunner.java:76)
	at org.junit.runners.BlockJUnit4ClassRunner.runChild(BlockJUnit4ClassRunner.java:50)
	at org.junit.runners.ParentRunner$3.run(ParentRunner.java:193)
	at org.junit.runners.ParentRunner$1.schedule(ParentRunner.java:52)
	at org.junit.runners.ParentRunner.runChildren(ParentRunner.java:191)
	at org.junit.runners.ParentRunner.access$000(ParentRunner.java:42)
	at org.junit.runners.ParentRunner$2.evaluate(ParentRunner.java:184)
	at org.junit.internal.runners.statements.RunAfters.evaluate(RunAfters.java:31)
	at org.junit.runners.ParentRunner.run(ParentRunner.java:236)
	at org.junit.runners.Suite.runChild(Suite.java:128)
	at org.junit.runners.Suite.runChild(Suite.java:24)
	at org.junit.runners.ParentRunner$3.run(ParentRunner.java:193)
	at org.junit.runners.ParentRunner$1.schedule(ParentRunner.java:52)
	at org.junit.runners.ParentRunner.runChildren(ParentRunner.java:191)
	at org.junit.runners.ParentRunner.access$000(ParentRunner.java:42)
	at org.junit.runners.ParentRunner$2.evaluate(ParentRunner.java:184)
	at org.junit.runners.ParentRunner.run(ParentRunner.java:236)
	at org.junit.runners.Suite.runChild(Suite.java:128)
	at org.junit.runners.Suite.runChild(Suite.java:24)
	at org.junit.runners.ParentRunner$3.run(ParentRunner.java:193)
	at org.junit.runners.ParentRunner$1.schedule(ParentRunner.java:52)
	at org.junit.runners.ParentRunner.runChildren(ParentRunner.java:191)
	at org.junit.runners.ParentRunner.access$000(ParentRunner.java:42)
	at org.junit.runners.ParentRunner$2.evaluate(ParentRunner.java:184)
	at org.junit.runners.ParentRunner.run(ParentRunner.java:236)
	at org.eclipse.jdt.internal.junit4.runner.JUnit4TestReference.run(JUnit4TestReference.java:49)
	at org.eclipse.jdt.internal.junit.runner.TestExecution.run(TestExecution.java:38)
	at org.eclipse.jdt.internal.junit.runner.RemoteTestRunner.runTests(RemoteTestRunner.java:467)
	at org.eclipse.jdt.internal.junit.runner.RemoteTestRunner.runTests(RemoteTestRunner.java:683)
	at org.eclipse.jdt.internal.junit.runner.RemoteTestRunner.run(RemoteTestRunner.java:390)
	at org.eclipse.jdt.internal.junit.runner.RemoteTestRunner.main(RemoteTestRunner.java:197)
Test root () failed with status ERROR
</system-err>
  </testsuite>
  <testsuite errors="0" failures="1" hostname="dyn107.cs.york.ac.uk" id="1" name="sample-failing" package="default" tests="3" time="0.0610000">
    <properties>
[...]
</properties>
    <testcase classname="default.sample-failing.eunit" name="twoElements" time="0.0120000" />
    <testcase classname="default.sample-failing.eunit" name="firstElement" time="0.0120000" />
    <testcase classname="default.sample-failing.eunit" name="iAmAFailure" time="0.0270000">
      <failure message="boohoo (/Users/louis/Code/eclipse/workspaces/helios/epsilon/org.eclipse.epsilon.workflow.test/resources/eunit/sample-failing.eunit@18:2)" type="org.eclipse.epsilon.eol.exceptions.EolAssertionException">boohoo (/Users/louis/Code/eclipse/workspaces/helios/epsilon/org.eclipse.epsilon.workflow.test/resources/eunit/sample-failing.eunit@18:2)
	at org.eclipse.epsilon.eol.execute.operations.simple.assertions.FailOperation.execute(FailOperation.java:37)
	at org.eclipse.epsilon.eol.execute.operations.simple.AbstractSimpleOperation.execute(AbstractSimpleOperation.java:59)
	at org.eclipse.epsilon.eol.execute.PointExecutor.executeOperation(PointExecutor.java:166)
	at org.eclipse.epsilon.eol.execute.PointExecutor.execute(PointExecutor.java:74)
	at org.eclipse.epsilon.eol.execute.ContextlessOperationExecutor.execute(ContextlessOperationExecutor.java:27)
	at org.eclipse.epsilon.eol.execute.NameExecutor.execute(NameExecutor.java:38)
	at org.eclipse.epsilon.eol.execute.NameExecutor.execute(NameExecutor.java:94)
	at org.eclipse.epsilon.eol.execute.ExecutorFactory.executeAST(ExecutorFactory.java:179)
	at org.eclipse.epsilon.eol.execute.StatementBlockExecutor.execute(StatementBlockExecutor.java:34)
	at org.eclipse.epsilon.eol.execute.ExecutorFactory.executeAST(ExecutorFactory.java:179)
	at org.eclipse.epsilon.eol.EolOperation.executeBody(EolOperation.java:262)
	at org.eclipse.epsilon.eol.EolOperation.execute(EolOperation.java:235)
	at org.eclipse.epsilon.eol.eunit.EUnitModule.runLeafTestCase(EUnitModule.java:341)
	at org.eclipse.epsilon.eol.eunit.EUnitModule.runSuiteInternal(EUnitModule.java:295)
	at org.eclipse.epsilon.eol.eunit.EUnitModule.runSuite(EUnitModule.java:131)
	at org.eclipse.epsilon.eol.eunit.EUnitModule.runInnerTestCase(EUnitModule.java:310)
	at org.eclipse.epsilon.eol.eunit.EUnitModule.runSuiteInternal(EUnitModule.java:297)
	at org.eclipse.epsilon.eol.eunit.EUnitModule.runSuite(EUnitModule.java:131)
	at org.eclipse.epsilon.eol.eunit.EUnitModule.execute(EUnitModule.java:106)
	at org.eclipse.epsilon.workflow.tasks.ModuleTask.executeImpl(ModuleTask.java:55)
	at org.eclipse.epsilon.workflow.tasks.EpsilonTask.execute(EpsilonTask.java:40)
	at org.apache.tools.ant.UnknownElement.execute(UnknownElement.java:288)
	at sun.reflect.GeneratedMethodAccessor73.invoke(Unknown Source)
	at sun.reflect.DelegatingMethodAccessorImpl.invoke(DelegatingMethodAccessorImpl.java:25)
	at java.lang.reflect.Method.invoke(Method.java:597)
	at org.apache.tools.ant.dispatch.DispatchUtils.execute(DispatchUtils.java:106)
	at org.apache.tools.ant.Task.perform(Task.java:348)
	at org.apache.tools.ant.Target.execute(Target.java:357)
	at org.apache.tools.ant.Target.performTasks(Target.java:385)
	at org.apache.tools.ant.Project.executeSortedTargets(Project.java:1337)
	at org.apache.tools.ant.helper.SingleCheckExecutor.executeTargets(SingleCheckExecutor.java:38)
	at org.apache.tools.ant.Project.executeTargets(Project.java:1189)
	at org.apache.tools.ant.taskdefs.Ant.execute(Ant.java:416)
	at org.apache.tools.ant.taskdefs.CallTarget.execute(CallTarget.java:105)
	at org.apache.tools.ant.UnknownElement.execute(UnknownElement.java:288)
	at sun.reflect.GeneratedMethodAccessor73.invoke(Unknown Source)
	at sun.reflect.DelegatingMethodAccessorImpl.invoke(DelegatingMethodAccessorImpl.java:25)
	at java.lang.reflect.Method.invoke(Method.java:597)
	at org.apache.tools.ant.dispatch.DispatchUtils.execute(DispatchUtils.java:106)
	at org.apache.tools.ant.Task.perform(Task.java:348)
	at org.apache.tools.ant.Target.execute(Target.java:357)
	at org.apache.tools.ant.Target.performTasks(Target.java:385)
	at org.apache.tools.ant.Project.executeSortedTargets(Project.java:1337)
	at org.apache.tools.ant.Project.executeTarget(Project.java:1306)
	at org.eclipse.epsilon.workflow.test.WorkflowTestCase.runTarget(WorkflowTestCase.java:40)
	at org.eclipse.epsilon.workflow.test.eunit.EUnitJUnitXMLOutputTest.failingTestProducesGoodOutputEvenIfAborted(EUnitJUnitXMLOutputTest.java:82)
	at sun.reflect.NativeMethodAccessorImpl.invoke0(Native Method)
	at sun.reflect.NativeMethodAccessorImpl.invoke(NativeMethodAccessorImpl.java:39)
	at sun.reflect.DelegatingMethodAccessorImpl.invoke(DelegatingMethodAccessorImpl.java:25)
	at java.lang.reflect.Method.invoke(Method.java:597)
	at org.junit.runners.model.FrameworkMethod$1.runReflectiveCall(FrameworkMethod.java:44)
	at org.junit.internal.runners.model.ReflectiveCallable.run(ReflectiveCallable.java:15)
	at org.junit.runners.model.FrameworkMethod.invokeExplosively(FrameworkMethod.java:41)
	at org.junit.internal.runners.statements.InvokeMethod.evaluate(InvokeMethod.java:20)
	at org.junit.runners.BlockJUnit4ClassRunner.runChild(BlockJUnit4ClassRunner.java:76)
	at org.junit.runners.BlockJUnit4ClassRunner.runChild(BlockJUnit4ClassRunner.java:50)
	at org.junit.runners.ParentRunner$3.run(ParentRunner.java:193)
	at org.junit.runners.ParentRunner$1.schedule(ParentRunner.java:52)
	at org.junit.runners.ParentRunner.runChildren(ParentRunner.java:191)
	at org.junit.runners.ParentRunner.access$000(ParentRunner.java:42)
	at org.junit.runners.ParentRunner$2.evaluate(ParentRunner.java:184)
	at org.junit.internal.runners.statements.RunAfters.evaluate(RunAfters.java:31)
	at org.junit.runners.ParentRunner.run(ParentRunner.java:236)
	at org.junit.runners.Suite.runChild(Suite.java:128)
	at org.junit.runners.Suite.runChild(Suite.java:24)
	at org.junit.runners.ParentRunner$3.run(ParentRunner.java:193)
	at org.junit.runners.ParentRunner$1.schedule(ParentRunner.java:52)
	at org.junit.runners.ParentRunner.runChildren(ParentRunner.java:191)
	at org.junit.runners.ParentRunner.access$000(ParentRunner.java:42)
	at org.junit.runners.ParentRunner$2.evaluate(ParentRunner.java:184)
	at org.junit.runners.ParentRunner.run(ParentRunner.java:236)
	at org.junit.runners.Suite.runChild(Suite.java:128)
	at org.junit.runners.Suite.runChild(Suite.java:24)
	at org.junit.runners.ParentRunner$3.run(ParentRunner.java:193)
	at org.junit.runners.ParentRunner$1.schedule(ParentRunner.java:52)
	at org.junit.runners.ParentRunner.runChildren(ParentRunner.java:191)
	at org.junit.runners.ParentRunner.access$000(ParentRunner.java:42)
	at org.junit.runners.ParentRunner$2.evaluate(ParentRunner.java:184)
	at org.junit.runners.ParentRunner.run(ParentRunner.java:236)
	at org.eclipse.jdt.internal.junit4.runner.JUnit4TestReference.run(JUnit4TestReference.java:49)
	at org.eclipse.jdt.internal.junit.runner.TestExecution.run(TestExecution.java:38)
	at org.eclipse.jdt.internal.junit.runner.RemoteTestRunner.runTests(RemoteTestRunner.java:467)
	at org.eclipse.jdt.internal.junit.runner.RemoteTestRunner.runTests(RemoteTestRunner.java:683)
	at org.eclipse.jdt.internal.junit.runner.RemoteTestRunner.run(RemoteTestRunner.java:390)
	at org.eclipse.jdt.internal.junit.runner.RemoteTestRunner.main(RemoteTestRunner.java:197)
</failure>
    </testcase>
    <system-out>Test twoElements () passed [cpu: 12 ms, wallclock: 12 ms]
Test firstElement () passed [cpu: 11 ms, wallclock: 12 ms]
Global result: FAILURE [cpu: 41 ms, wallclock: 61 ms]
</system-out>
    <system-err>Test iAmAFailure () failed with status FAILURE: boohoo (/Users/louis/Code/eclipse/workspaces/helios/epsilon/org.eclipse.epsilon.workflow.test/resources/eunit/sample-failing.eunit@18:2)
boohoo (/Users/louis/Code/eclipse/workspaces/helios/epsilon/org.eclipse.epsilon.workflow.test/resources/eunit/sample-failing.eunit@18:2)
	at org.eclipse.epsilon.eol.execute.operations.simple.assertions.FailOperation.execute(FailOperation.java:37)
	at org.eclipse.epsilon.eol.execute.operations.simple.AbstractSimpleOperation.execute(AbstractSimpleOperation.java:59)
	at org.eclipse.epsilon.eol.execute.PointExecutor.executeOperation(PointExecutor.java:166)
	at org.eclipse.epsilon.eol.execute.PointExecutor.execute(PointExecutor.java:74)
	at org.eclipse.epsilon.eol.execute.ContextlessOperationExecutor.execute(ContextlessOperationExecutor.java:27)
	at org.eclipse.epsilon.eol.execute.NameExecutor.execute(NameExecutor.java:38)
	at org.eclipse.epsilon.eol.execute.NameExecutor.execute(NameExecutor.java:94)
	at org.eclipse.epsilon.eol.execute.ExecutorFactory.executeAST(ExecutorFactory.java:179)
	at org.eclipse.epsilon.eol.execute.StatementBlockExecutor.execute(StatementBlockExecutor.java:34)
	at org.eclipse.epsilon.eol.execute.ExecutorFactory.executeAST(ExecutorFactory.java:179)
	at org.eclipse.epsilon.eol.EolOperation.executeBody(EolOperation.java:262)
	at org.eclipse.epsilon.eol.EolOperation.execute(EolOperation.java:235)
	at org.eclipse.epsilon.eol.eunit.EUnitModule.runLeafTestCase(EUnitModule.java:341)
	at org.eclipse.epsilon.eol.eunit.EUnitModule.runSuiteInternal(EUnitModule.java:295)
	at org.eclipse.epsilon.eol.eunit.EUnitModule.runSuite(EUnitModule.java:131)
	at org.eclipse.epsilon.eol.eunit.EUnitModule.runInnerTestCase(EUnitModule.java:310)
	at org.eclipse.epsilon.eol.eunit.EUnitModule.runSuiteInternal(EUnitModule.java:297)
	at org.eclipse.epsilon.eol.eunit.EUnitModule.runSuite(EUnitModule.java:131)
	at org.eclipse.epsilon.eol.eunit.EUnitModule.execute(EUnitModule.java:106)
	at org.eclipse.epsilon.workflow.tasks.ModuleTask.executeImpl(ModuleTask.java:55)
	at org.eclipse.epsilon.workflow.tasks.EpsilonTask.execute(EpsilonTask.java:40)
	at org.apache.tools.ant.UnknownElement.execute(UnknownElement.java:288)
	at sun.reflect.GeneratedMethodAccessor73.invoke(Unknown Source)
	at sun.reflect.DelegatingMethodAccessorImpl.invoke(DelegatingMethodAccessorImpl.java:25)
	at java.lang.reflect.Method.invoke(Method.java:597)
	at org.apache.tools.ant.dispatch.DispatchUtils.execute(DispatchUtils.java:106)
	at org.apache.tools.ant.Task.perform(Task.java:348)
	at org.apache.tools.ant.Target.execute(Target.java:357)
	at org.apache.tools.ant.Target.performTasks(Target.java:385)
	at org.apache.tools.ant.Project.executeSortedTargets(Project.java:1337)
	at org.apache.tools.ant.helper.SingleCheckExecutor.executeTargets(SingleCheckExecutor.java:38)
	at org.apache.tools.ant.Project.executeTargets(Project.java:1189)
	at org.apache.tools.ant.taskdefs.Ant.execute(Ant.java:416)
	at org.apache.tools.ant.taskdefs.CallTarget.execute(CallTarget.java:105)
	at org.apache.tools.ant.UnknownElement.execute(UnknownElement.java:288)
	at sun.reflect.GeneratedMethodAccessor73.invoke(Unknown Source)
	at sun.reflect.DelegatingMethodAccessorImpl.invoke(DelegatingMethodAccessorImpl.java:25)
	at java.lang.reflect.Method.invoke(Method.java:597)
	at org.apache.tools.ant.dispatch.DispatchUtils.execute(DispatchUtils.java:106)
	at org.apache.tools.ant.Task.perform(Task.java:348)
	at org.apache.tools.ant.Target.execute(Target.java:357)
	at org.apache.tools.ant.Target.performTasks(Target.java:385)
	at org.apache.tools.ant.Project.executeSortedTargets(Project.java:1337)
	at org.apache.tools.ant.Project.executeTarget(Project.java:1306)
	at org.eclipse.epsilon.workflow.test.WorkflowTestCase.runTarget(WorkflowTestCase.java:40)
	at org.eclipse.epsilon.workflow.test.eunit.EUnitJUnitXMLOutputTest.failingTestProducesGoodOutputEvenIfAborted(EUnitJUnitXMLOutputTest.java:82)
	at sun.reflect.NativeMethodAccessorImpl.invoke0(Native Method)
	at sun.reflect.NativeMethodAccessorImpl.invoke(NativeMethodAccessorImpl.java:39)
	at sun.reflect.DelegatingMethodAccessorImpl.invoke(DelegatingMethodAccessorImpl.java:25)
	at java.lang.reflect.Method.invoke(Method.java:597)
	at org.junit.runners.model.FrameworkMethod$1.runReflectiveCall(FrameworkMethod.java:44)
	at org.junit.internal.runners.model.ReflectiveCallable.run(ReflectiveCallable.java:15)
	at org.junit.runners.model.FrameworkMethod.invokeExplosively(FrameworkMethod.java:41)
	at org.junit.internal.runners.statements.InvokeMethod.evaluate(InvokeMethod.java:20)
	at org.junit.runners.BlockJUnit4ClassRunner.runChild(BlockJUnit4ClassRunner.java:76)
	at org.junit.runners.BlockJUnit4ClassRunner.runChild(BlockJUnit4ClassRunner.java:50)
	at org.junit.runners.ParentRunner$3.run(ParentRunner.java:193)
	at org.junit.runners.ParentRunner$1.schedule(ParentRunner.java:52)
	at org.junit.runners.ParentRunner.runChildren(ParentRunner.java:191)
	at org.junit.runners.ParentRunner.access$000(ParentRunner.java:42)
	at org.junit.runners.ParentRunner$2.evaluate(ParentRunner.java:184)
	at org.junit.internal.runners.statements.RunAfters.evaluate(RunAfters.java:31)
	at org.junit.runners.ParentRunner.run(ParentRunner.java:236)
	at org.junit.runners.Suite.runChild(Suite.java:128)
	at org.junit.runners.Suite.runChild(Suite.java:24)
	at org.junit.runners.ParentRunner$3.run(ParentRunner.java:193)
	at org.junit.runners.ParentRunner$1.schedule(ParentRunner.java:52)
	at org.junit.runners.ParentRunner.runChildren(ParentRunner.java:191)
	at org.junit.runners.ParentRunner.access$000(ParentRunner.java:42)
	at org.junit.runners.ParentRunner$2.evaluate(ParentRunner.java:184)
	at org.junit.runners.ParentRunner.run(ParentRunner.java:236)
	at org.junit.runners.Suite.runChild(Suite.java:128)
	at org.junit.runners.Suite.runChild(Suite.java:24)
	at org.junit.runners.ParentRunner$3.run(ParentRunner.java:193)
	at org.junit.runners.ParentRunner$1.schedule(ParentRunner.java:52)
	at org.junit.runners.ParentRunner.runChildren(ParentRunner.java:191)
	at org.junit.runners.ParentRunner.access$000(ParentRunner.java:42)
	at org.junit.runners.ParentRunner$2.evaluate(ParentRunner.java:184)
	at org.junit.runners.ParentRunner.run(ParentRunner.java:236)
	at org.eclipse.jdt.internal.junit4.runner.JUnit4TestReference.run(JUnit4TestReference.java:49)
	at org.eclipse.jdt.internal.junit.runner.TestExecution.run(TestExecution.java:38)
	at org.eclipse.jdt.internal.junit.runner.RemoteTestRunner.runTests(RemoteTestRunner.java:467)
	at org.eclipse.jdt.internal.junit.runner.RemoteTestRunner.runTests(RemoteTestRunner.java:683)
	at org.eclipse.jdt.internal.junit.runner.RemoteTestRunner.run(RemoteTestRunner.java:390)
	at org.eclipse.jdt.internal.junit.runner.RemoteTestRunner.main(RemoteTestRunner.java:197)
Test root () failed with status FAILURE
</system-err>
  </testsuite>
  <testsuite errors="0" failures="0" hostname="dyn107.cs.york.ac.uk" id="2" name="sample-parametric-1level" package="default" tests="4" time="0.0550000">
    <properties>
[...]
</properties>
    <testcase classname="default.sample-parametric-1level.eunit" name="twoElements[1]" time="0.0130000" />
    <testcase classname="default.sample-parametric-1level.eunit" name="firstElement[1]" time="0.0130000" />
    <testcase classname="default.sample-parametric-1level.eunit" name="twoElements[2]" time="0.0130000" />
    <testcase classname="default.sample-parametric-1level.eunit" name="firstElement[2]" time="0.0130000" />
    <system-out>Test twoElements[1] (x = 1) passed [cpu: 13 ms, wallclock: 13 ms]
Test firstElement[1] (x = 1) passed [cpu: 12 ms, wallclock: 13 ms]
Test firstLevel[1] (x = 1) passed [cpu: 26 ms, wallclock: 27 ms]
Test twoElements[2] (x = 2) passed [cpu: 12 ms, wallclock: 13 ms]
Test firstElement[2] (x = 2) passed [cpu: 12 ms, wallclock: 13 ms]
Test firstLevel[2] (x = 2) passed [cpu: 25 ms, wallclock: 27 ms]
Test root () passed [cpu: 52 ms, wallclock: 55 ms]
Global result: SUCCESS [cpu: 52 ms, wallclock: 55 ms]
</system-out>
    <system-err />
  </testsuite>
  <testsuite errors="0" failures="0" hostname="dyn107.cs.york.ac.uk" id="3" name="sample-parametric-2levels" package="default" tests="8" time="0.163000">
    <properties>
[...]
</properties>
    <testcase classname="default.sample-parametric-2levels.eunit" name="twoElements[1][1]" time="0.0130000" />
    <testcase classname="default.sample-parametric-2levels.eunit" name="firstElement[1][1]" time="0.0130000" />
    <testcase classname="default.sample-parametric-2levels.eunit" name="twoElements[1][2]" time="0.0140000" />
    <testcase classname="default.sample-parametric-2levels.eunit" name="firstElement[1][2]" time="0.0690000" />
    <testcase classname="default.sample-parametric-2levels.eunit" name="twoElements[2][1]" time="0.0140000" />
    <testcase classname="default.sample-parametric-2levels.eunit" name="firstElement[2][1]" time="0.0110000" />
    <testcase classname="default.sample-parametric-2levels.eunit" name="twoElements[2][2]" time="0.0120000" />
    <testcase classname="default.sample-parametric-2levels.eunit" name="firstElement[2][2]" time="0.0110000" />
    <system-out>Test twoElements[1][1] (x = 1, y = 1) passed [cpu: 12 ms, wallclock: 13 ms]
Test firstElement[1][1] (x = 1, y = 1) passed [cpu: 12 ms, wallclock: 13 ms]
Test secondLevel[1][1] (x = 1, y = 1) passed [cpu: 25 ms, wallclock: 27 ms]
Test twoElements[1][2] (x = 1, y = 2) passed [cpu: 13 ms, wallclock: 14 ms]
Test firstElement[1][2] (x = 1, y = 2) passed [cpu: 12 ms, wallclock: 69 ms]
Test secondLevel[1][2] (x = 1, y = 2) passed [cpu: 26 ms, wallclock: 85 ms]
Test firstLevel[1] (x = 1) passed [cpu: 52 ms, wallclock: 114 ms]
Test twoElements[2][1] (x = 2, y = 1) passed [cpu: 12 ms, wallclock: 14 ms]
Test firstElement[2][1] (x = 2, y = 1) passed [cpu: 11 ms, wallclock: 11 ms]
Test secondLevel[2][1] (x = 2, y = 1) passed [cpu: 24 ms, wallclock: 26 ms]
Test twoElements[2][2] (x = 2, y = 2) passed [cpu: 11 ms, wallclock: 12 ms]
Test firstElement[2][2] (x = 2, y = 2) passed [cpu: 11 ms, wallclock: 11 ms]
Test secondLevel[2][2] (x = 2, y = 2) passed [cpu: 23 ms, wallclock: 23 ms]
Test firstLevel[2] (x = 2) passed [cpu: 48 ms, wallclock: 49 ms]
Test root () passed [cpu: 101 ms, wallclock: 163 ms]
Global result: SUCCESS [cpu: 101 ms, wallclock: 163 ms]
</system-out>
    <system-err />
  </testsuite>
  <testsuite errors="1" failures="0" hostname="dyn107.cs.york.ac.uk" id="4" name="sample-parametric-handle-errors" package="default" tests="1" time="0.0130000">
    <properties>
[...]
</properties>
    <testcase classname="default.(root)" name="root" time="0.0130000">
      <error message="Method &apos;toString&apos; not found (/Users/louis/Code/eclipse/workspaces/helios/epsilon/org.eclipse.epsilon.workflow.test/resources/eunit/sample-parametric-handle-errors.eunit@3:14)" type="org.eclipse.epsilon.eol.exceptions.EolIllegalOperationException">Method &apos;toString&apos; not found (/Users/louis/Code/eclipse/workspaces/helios/epsilon/org.eclipse.epsilon.workflow.test/resources/eunit/sample-parametric-handle-errors.eunit@3:14)
	at org.eclipse.epsilon.eol.execute.PointExecutor.executeOperation(PointExecutor.java:169)
	at org.eclipse.epsilon.eol.execute.PointExecutor.execute(PointExecutor.java:74)
	at org.eclipse.epsilon.eol.execute.PointExecutor.execute(PointExecutor.java:42)
	at org.eclipse.epsilon.eol.execute.PointExecutor.execute(PointExecutor.java:130)
	at org.eclipse.epsilon.eol.execute.ExecutorFactory.executeAST(ExecutorFactory.java:179)
	at org.eclipse.epsilon.eol.execute.ReturnStatementExecutor.execute(ReturnStatementExecutor.java:25)
	at org.eclipse.epsilon.eol.execute.ExecutorFactory.executeAST(ExecutorFactory.java:179)
	at org.eclipse.epsilon.eol.execute.StatementBlockExecutor.execute(StatementBlockExecutor.java:34)
	at org.eclipse.epsilon.eol.execute.ExecutorFactory.executeAST(ExecutorFactory.java:179)
	at org.eclipse.epsilon.eol.EolOperation.executeBody(EolOperation.java:262)
	at org.eclipse.epsilon.eol.EolOperation.execute(EolOperation.java:235)
	at org.eclipse.epsilon.eol.eunit.EUnitModule.populateSuiteTreeDataOperation(EUnitModule.java:210)
	at org.eclipse.epsilon.eol.eunit.EUnitModule.populateSuiteTree(EUnitModule.java:165)
	at org.eclipse.epsilon.eol.eunit.EUnitModule.getSuiteRoot(EUnitModule.java:122)
	at org.eclipse.epsilon.eol.eunit.EUnitModule.execute(EUnitModule.java:106)
	at org.eclipse.epsilon.workflow.tasks.ModuleTask.executeImpl(ModuleTask.java:55)
	at org.eclipse.epsilon.workflow.tasks.EpsilonTask.execute(EpsilonTask.java:40)
	at org.apache.tools.ant.UnknownElement.execute(UnknownElement.java:288)
	at sun.reflect.GeneratedMethodAccessor73.invoke(Unknown Source)
	at sun.reflect.DelegatingMethodAccessorImpl.invoke(DelegatingMethodAccessorImpl.java:25)
	at java.lang.reflect.Method.invoke(Method.java:597)
	at org.apache.tools.ant.dispatch.DispatchUtils.execute(DispatchUtils.java:106)
	at org.apache.tools.ant.Task.perform(Task.java:348)
	at org.apache.tools.ant.Target.execute(Target.java:357)
	at org.apache.tools.ant.Target.performTasks(Target.java:385)
	at org.apache.tools.ant.Project.executeSortedTargets(Project.java:1337)
	at org.apache.tools.ant.helper.SingleCheckExecutor.executeTargets(SingleCheckExecutor.java:38)
	at org.apache.tools.ant.Project.executeTargets(Project.java:1189)
	at org.apache.tools.ant.taskdefs.Ant.execute(Ant.java:416)
	at org.apache.tools.ant.taskdefs.CallTarget.execute(CallTarget.java:105)
	at org.apache.tools.ant.UnknownElement.execute(UnknownElement.java:288)
	at sun.reflect.GeneratedMethodAccessor73.invoke(Unknown Source)
	at sun.reflect.DelegatingMethodAccessorImpl.invoke(DelegatingMethodAccessorImpl.java:25)
	at java.lang.reflect.Method.invoke(Method.java:597)
	at org.apache.tools.ant.dispatch.DispatchUtils.execute(DispatchUtils.java:106)
	at org.apache.tools.ant.Task.perform(Task.java:348)
	at org.apache.tools.ant.Target.execute(Target.java:357)
	at org.apache.tools.ant.Target.performTasks(Target.java:385)
	at org.apache.tools.ant.Project.executeSortedTargets(Project.java:1337)
	at org.apache.tools.ant.Project.executeTarget(Project.java:1306)
	at org.eclipse.epsilon.workflow.test.WorkflowTestCase.runTarget(WorkflowTestCase.java:40)
	at org.eclipse.epsilon.workflow.test.eunit.EUnitJUnitXMLOutputTest.parametricHandleErrors(EUnitJUnitXMLOutputTest.java:107)
	at sun.reflect.NativeMethodAccessorImpl.invoke0(Native Method)
	at sun.reflect.NativeMethodAccessorImpl.invoke(NativeMethodAccessorImpl.java:39)
	at sun.reflect.DelegatingMethodAccessorImpl.invoke(DelegatingMethodAccessorImpl.java:25)
	at java.lang.reflect.Method.invoke(Method.java:597)
	at org.junit.runners.model.FrameworkMethod$1.runReflectiveCall(FrameworkMethod.java:44)
	at org.junit.internal.runners.model.ReflectiveCallable.run(ReflectiveCallable.java:15)
	at org.junit.runners.model.FrameworkMethod.invokeExplosively(FrameworkMethod.java:41)
	at org.junit.internal.runners.statements.InvokeMethod.evaluate(InvokeMethod.java:20)
	at org.junit.runners.BlockJUnit4ClassRunner.runChild(BlockJUnit4ClassRunner.java:76)
	at org.junit.runners.BlockJUnit4ClassRunner.runChild(BlockJUnit4ClassRunner.java:50)
	at org.junit.runners.ParentRunner$3.run(ParentRunner.java:193)
	at org.junit.runners.ParentRunner$1.schedule(ParentRunner.java:52)
	at org.junit.runners.ParentRunner.runChildren(ParentRunner.java:191)
	at org.junit.runners.ParentRunner.access$000(ParentRunner.java:42)
	at org.junit.runners.ParentRunner$2.evaluate(ParentRunner.java:184)
	at org.junit.internal.runners.statements.RunAfters.evaluate(RunAfters.java:31)
	at org.junit.runners.ParentRunner.run(ParentRunner.java:236)
	at org.junit.runners.Suite.runChild(Suite.java:128)
	at org.junit.runners.Suite.runChild(Suite.java:24)
	at org.junit.runners.ParentRunner$3.run(ParentRunner.java:193)
	at org.junit.runners.ParentRunner$1.schedule(ParentRunner.java:52)
	at org.junit.runners.ParentRunner.runChildren(ParentRunner.java:191)
	at org.junit.runners.ParentRunner.access$000(ParentRunner.java:42)
	at org.junit.runners.ParentRunner$2.evaluate(ParentRunner.java:184)
	at org.junit.runners.ParentRunner.run(ParentRunner.java:236)
	at org.junit.runners.Suite.runChild(Suite.java:128)
	at org.junit.runners.Suite.runChild(Suite.java:24)
	at org.junit.runners.ParentRunner$3.run(ParentRunner.java:193)
	at org.junit.runners.ParentRunner$1.schedule(ParentRunner.java:52)
	at org.junit.runners.ParentRunner.runChildren(ParentRunner.java:191)
	at org.junit.runners.ParentRunner.access$000(ParentRunner.java:42)
	at org.junit.runners.ParentRunner$2.evaluate(ParentRunner.java:184)
	at org.junit.runners.ParentRunner.run(ParentRunner.java:236)
	at org.eclipse.jdt.internal.junit4.runner.JUnit4TestReference.run(JUnit4TestReference.java:49)
	at org.eclipse.jdt.internal.junit.runner.TestExecution.run(TestExecution.java:38)
	at org.eclipse.jdt.internal.junit.runner.RemoteTestRunner.runTests(RemoteTestRunner.java:467)
	at org.eclipse.jdt.internal.junit.runner.RemoteTestRunner.runTests(RemoteTestRunner.java:683)
	at org.eclipse.jdt.internal.junit.runner.RemoteTestRunner.run(RemoteTestRunner.java:390)
	at org.eclipse.jdt.internal.junit.runner.RemoteTestRunner.main(RemoteTestRunner.java:197)
</error>
    </testcase>
    <system-out>Global result: ERROR [cpu: 7 ms, wallclock: 13 ms]
</system-out>
    <system-err>Test root () failed with status ERROR: Method &apos;toString&apos; not found (/Users/louis/Code/eclipse/workspaces/helios/epsilon/org.eclipse.epsilon.workflow.test/resources/eunit/sample-parametric-handle-errors.eunit@3:14)
Method &apos;toString&apos; not found (/Users/louis/Code/eclipse/workspaces/helios/epsilon/org.eclipse.epsilon.workflow.test/resources/eunit/sample-parametric-handle-errors.eunit@3:14)
	at org.eclipse.epsilon.eol.execute.PointExecutor.executeOperation(PointExecutor.java:169)
	at org.eclipse.epsilon.eol.execute.PointExecutor.execute(PointExecutor.java:74)
	at org.eclipse.epsilon.eol.execute.PointExecutor.execute(PointExecutor.java:42)
	at org.eclipse.epsilon.eol.execute.PointExecutor.execute(PointExecutor.java:130)
	at org.eclipse.epsilon.eol.execute.ExecutorFactory.executeAST(ExecutorFactory.java:179)
	at org.eclipse.epsilon.eol.execute.ReturnStatementExecutor.execute(ReturnStatementExecutor.java:25)
	at org.eclipse.epsilon.eol.execute.ExecutorFactory.executeAST(ExecutorFactory.java:179)
	at org.eclipse.epsilon.eol.execute.StatementBlockExecutor.execute(StatementBlockExecutor.java:34)
	at org.eclipse.epsilon.eol.execute.ExecutorFactory.executeAST(ExecutorFactory.java:179)
	at org.eclipse.epsilon.eol.EolOperation.executeBody(EolOperation.java:262)
	at org.eclipse.epsilon.eol.EolOperation.execute(EolOperation.java:235)
	at org.eclipse.epsilon.eol.eunit.EUnitModule.populateSuiteTreeDataOperation(EUnitModule.java:210)
	at org.eclipse.epsilon.eol.eunit.EUnitModule.populateSuiteTree(EUnitModule.java:165)
	at org.eclipse.epsilon.eol.eunit.EUnitModule.getSuiteRoot(EUnitModule.java:122)
	at org.eclipse.epsilon.eol.eunit.EUnitModule.execute(EUnitModule.java:106)
	at org.eclipse.epsilon.workflow.tasks.ModuleTask.executeImpl(ModuleTask.java:55)
	at org.eclipse.epsilon.workflow.tasks.EpsilonTask.execute(EpsilonTask.java:40)
	at org.apache.tools.ant.UnknownElement.execute(UnknownElement.java:288)
	at sun.reflect.GeneratedMethodAccessor73.invoke(Unknown Source)
	at sun.reflect.DelegatingMethodAccessorImpl.invoke(DelegatingMethodAccessorImpl.java:25)
	at java.lang.reflect.Method.invoke(Method.java:597)
	at org.apache.tools.ant.dispatch.DispatchUtils.execute(DispatchUtils.java:106)
	at org.apache.tools.ant.Task.perform(Task.java:348)
	at org.apache.tools.ant.Target.execute(Target.java:357)
	at org.apache.tools.ant.Target.performTasks(Target.java:385)
	at org.apache.tools.ant.Project.executeSortedTargets(Project.java:1337)
	at org.apache.tools.ant.helper.SingleCheckExecutor.executeTargets(SingleCheckExecutor.java:38)
	at org.apache.tools.ant.Project.executeTargets(Project.java:1189)
	at org.apache.tools.ant.taskdefs.Ant.execute(Ant.java:416)
	at org.apache.tools.ant.taskdefs.CallTarget.execute(CallTarget.java:105)
	at org.apache.tools.ant.UnknownElement.execute(UnknownElement.java:288)
	at sun.reflect.GeneratedMethodAccessor73.invoke(Unknown Source)
	at sun.reflect.DelegatingMethodAccessorImpl.invoke(DelegatingMethodAccessorImpl.java:25)
	at java.lang.reflect.Method.invoke(Method.java:597)
	at org.apache.tools.ant.dispatch.DispatchUtils.execute(DispatchUtils.java:106)
	at org.apache.tools.ant.Task.perform(Task.java:348)
	at org.apache.tools.ant.Target.execute(Target.java:357)
	at org.apache.tools.ant.Target.performTasks(Target.java:385)
	at org.apache.tools.ant.Project.executeSortedTargets(Project.java:1337)
	at org.apache.tools.ant.Project.executeTarget(Project.java:1306)
	at org.eclipse.epsilon.workflow.test.WorkflowTestCase.runTarget(WorkflowTestCase.java:40)
	at org.eclipse.epsilon.workflow.test.eunit.EUnitJUnitXMLOutputTest.parametricHandleErrors(EUnitJUnitXMLOutputTest.java:107)
	at sun.reflect.NativeMethodAccessorImpl.invoke0(Native Method)
	at sun.reflect.NativeMethodAccessorImpl.invoke(NativeMethodAccessorImpl.java:39)
	at sun.reflect.DelegatingMethodAccessorImpl.invoke(DelegatingMethodAccessorImpl.java:25)
	at java.lang.reflect.Method.invoke(Method.java:597)
	at org.junit.runners.model.FrameworkMethod$1.runReflectiveCall(FrameworkMethod.java:44)
	at org.junit.internal.runners.model.ReflectiveCallable.run(ReflectiveCallable.java:15)
	at org.junit.runners.model.FrameworkMethod.invokeExplosively(FrameworkMethod.java:41)
	at org.junit.internal.runners.statements.InvokeMethod.evaluate(InvokeMethod.java:20)
	at org.junit.runners.BlockJUnit4ClassRunner.runChild(BlockJUnit4ClassRunner.java:76)
	at org.junit.runners.BlockJUnit4ClassRunner.runChild(BlockJUnit4ClassRunner.java:50)
	at org.junit.runners.ParentRunner$3.run(ParentRunner.java:193)
	at org.junit.runners.ParentRunner$1.schedule(ParentRunner.java:52)
	at org.junit.runners.ParentRunner.runChildren(ParentRunner.java:191)
	at org.junit.runners.ParentRunner.access$000(ParentRunner.java:42)
	at org.junit.runners.ParentRunner$2.evaluate(ParentRunner.java:184)
	at org.junit.internal.runners.statements.RunAfters.evaluate(RunAfters.java:31)
	at org.junit.runners.ParentRunner.run(ParentRunner.java:236)
	at org.junit.runners.Suite.runChild(Suite.java:128)
	at org.junit.runners.Suite.runChild(Suite.java:24)
	at org.junit.runners.ParentRunner$3.run(ParentRunner.java:193)
	at org.junit.runners.ParentRunner$1.schedule(ParentRunner.java:52)
	at org.junit.runners.ParentRunner.runChildren(ParentRunner.java:191)
	at org.junit.runners.ParentRunner.access$000(ParentRunner.java:42)
	at org.junit.runners.ParentRunner$2.evaluate(ParentRunner.java:184)
	at org.junit.runners.ParentRunner.run(ParentRunner.java:236)
	at org.junit.runners.Suite.runChild(Suite.java:128)
	at org.junit.runners.Suite.runChild(Suite.java:24)
	at org.junit.runners.ParentRunner$3.run(ParentRunner.java:193)
	at org.junit.runners.ParentRunner$1.schedule(ParentRunner.java:52)
	at org.junit.runners.ParentRunner.runChildren(ParentRunner.java:191)
	at org.junit.runners.ParentRunner.access$000(ParentRunner.java:42)
	at org.junit.runners.ParentRunner$2.evaluate(ParentRunner.java:184)
	at org.junit.runners.ParentRunner.run(ParentRunner.java:236)
	at org.eclipse.jdt.internal.junit4.runner.JUnit4TestReference.run(JUnit4TestReference.java:49)
	at org.eclipse.jdt.internal.junit.runner.TestExecution.run(TestExecution.java:38)
	at org.eclipse.jdt.internal.junit.runner.RemoteTestRunner.runTests(RemoteTestRunner.java:467)
	at org.eclipse.jdt.internal.junit.runner.RemoteTestRunner.runTests(RemoteTestRunner.java:683)
	at org.eclipse.jdt.internal.junit.runner.RemoteTestRunner.run(RemoteTestRunner.java:390)
	at org.eclipse.jdt.internal.junit.runner.RemoteTestRunner.main(RemoteTestRunner.java:197)
</system-err>
  </testsuite>
  <testsuite errors="0" failures="0" hostname="dyn107.cs.york.ac.uk" id="5" name="sample" package="default" tests="2" time="0.0300000">
    <properties>
[...]
</properties>
    <testcase classname="default.sample.eunit" name="twoElements" time="0.0160000" />
    <testcase classname="default.sample.eunit" name="firstElement" time="0.0110000" />
    <system-out>Test twoElements () passed [cpu: 13 ms, wallclock: 16 ms]
Test firstElement () passed [cpu: 11 ms, wallclock: 11 ms]
Test root () passed [cpu: 25 ms, wallclock: 30 ms]
Global result: SUCCESS [cpu: 25 ms, wallclock: 30 ms]
</system-out>
    <system-err />
  </testsuite>
  <testsuite errors="2" failures="0" hostname="dyn107.cs.york.ac.uk" id="6" name="with-annotation-combine-data-handle-errors" package="default" tests="2" time="0.0330000">
    <properties>
[...]
</properties>
    <testcase classname="default.with-annotation-combine-data-handle-errors.eunit" name="hasOneA[1]" time="0.0140000">
      <error message="Type &apos;modelNamezzzz&apos; not found (/Users/louis/Code/eclipse/workspaces/helios/epsilon/org.eclipse.epsilon.workflow.test/resources/eunit/with-annotation-combine-data-handle-errors.eunit@6:20)" type="org.eclipse.epsilon.eol.exceptions.EolTypeNotFoundException">Type &apos;modelNamezzzz&apos; not found (/Users/louis/Code/eclipse/workspaces/helios/epsilon/org.eclipse.epsilon.workflow.test/resources/eunit/with-annotation-combine-data-handle-errors.eunit@6:20)
	at org.eclipse.epsilon.eol.execute.TypeExecutor.execute(TypeExecutor.java:96)
	at org.eclipse.epsilon.eol.execute.NameExecutor.execute(NameExecutor.java:75)
	at org.eclipse.epsilon.eol.execute.NameExecutor.execute(NameExecutor.java:94)
	at org.eclipse.epsilon.eol.execute.ExecutorFactory.executeAST(ExecutorFactory.java:179)
	at org.eclipse.epsilon.eol.execute.CollectionExecutor.execute(CollectionExecutor.java:54)
	at org.eclipse.epsilon.eol.execute.ExecutorFactory.executeAST(ExecutorFactory.java:179)
	at org.eclipse.epsilon.eol.annotations.EolExecutableAnnotation.getValue(EolExecutableAnnotation.java:38)
	at org.eclipse.epsilon.eol.annotations.EolAnnotationsUtil.getAnnotationsValues(EolAnnotationsUtil.java:122)
	at org.eclipse.epsilon.eol.eunit.EUnitModule.getModelBindings(EUnitModule.java:156)
	at org.eclipse.epsilon.eol.eunit.EUnitModule.populateSuiteTreeTestOperation(EUnitModule.java:181)
	at org.eclipse.epsilon.eol.eunit.EUnitModule.populateSuiteTree(EUnitModule.java:167)
	at org.eclipse.epsilon.eol.eunit.EUnitModule.populateSuiteTreeDataOperation(EUnitModule.java:226)
	at org.eclipse.epsilon.eol.eunit.EUnitModule.populateSuiteTree(EUnitModule.java:165)
	at org.eclipse.epsilon.eol.eunit.EUnitModule.getSuiteRoot(EUnitModule.java:122)
	at org.eclipse.epsilon.eol.eunit.EUnitModule.execute(EUnitModule.java:106)
	at org.eclipse.epsilon.workflow.tasks.ModuleTask.executeImpl(ModuleTask.java:55)
	at org.eclipse.epsilon.workflow.tasks.EpsilonTask.execute(EpsilonTask.java:40)
	at org.apache.tools.ant.UnknownElement.execute(UnknownElement.java:288)
	at sun.reflect.GeneratedMethodAccessor73.invoke(Unknown Source)
	at sun.reflect.DelegatingMethodAccessorImpl.invoke(DelegatingMethodAccessorImpl.java:25)
	at java.lang.reflect.Method.invoke(Method.java:597)
	at org.apache.tools.ant.dispatch.DispatchUtils.execute(DispatchUtils.java:106)
	at org.apache.tools.ant.Task.perform(Task.java:348)
	at org.apache.tools.ant.Target.execute(Target.java:357)
	at org.apache.tools.ant.Target.performTasks(Target.java:385)
	at org.apache.tools.ant.Project.executeSortedTargets(Project.java:1337)
	at org.apache.tools.ant.helper.SingleCheckExecutor.executeTargets(SingleCheckExecutor.java:38)
	at org.apache.tools.ant.Project.executeTargets(Project.java:1189)
	at org.apache.tools.ant.taskdefs.Ant.execute(Ant.java:416)
	at org.apache.tools.ant.taskdefs.CallTarget.execute(CallTarget.java:105)
	at org.apache.tools.ant.UnknownElement.execute(UnknownElement.java:288)
	at sun.reflect.GeneratedMethodAccessor73.invoke(Unknown Source)
	at sun.reflect.DelegatingMethodAccessorImpl.invoke(DelegatingMethodAccessorImpl.java:25)
	at java.lang.reflect.Method.invoke(Method.java:597)
	at org.apache.tools.ant.dispatch.DispatchUtils.execute(DispatchUtils.java:106)
	at org.apache.tools.ant.Task.perform(Task.java:348)
	at org.apache.tools.ant.Target.execute(Target.java:357)
	at org.apache.tools.ant.Target.performTasks(Target.java:385)
	at org.apache.tools.ant.Project.executeSortedTargets(Project.java:1337)
	at org.apache.tools.ant.Project.executeTarget(Project.java:1306)
	at org.eclipse.epsilon.workflow.test.WorkflowTestCase.runTarget(WorkflowTestCase.java:40)
	at org.eclipse.epsilon.workflow.test.eunit.EUnitJUnitXMLOutputTest.withCanUseDataVariablesHandleErrors(EUnitJUnitXMLOutputTest.java:185)
	at sun.reflect.NativeMethodAccessorImpl.invoke0(Native Method)
	at sun.reflect.NativeMethodAccessorImpl.invoke(NativeMethodAccessorImpl.java:39)
	at sun.reflect.DelegatingMethodAccessorImpl.invoke(DelegatingMethodAccessorImpl.java:25)
	at java.lang.reflect.Method.invoke(Method.java:597)
	at org.junit.runners.model.FrameworkMethod$1.runReflectiveCall(FrameworkMethod.java:44)
	at org.junit.internal.runners.model.ReflectiveCallable.run(ReflectiveCallable.java:15)
	at org.junit.runners.model.FrameworkMethod.invokeExplosively(FrameworkMethod.java:41)
	at org.junit.internal.runners.statements.InvokeMethod.evaluate(InvokeMethod.java:20)
	at org.junit.runners.BlockJUnit4ClassRunner.runChild(BlockJUnit4ClassRunner.java:76)
	at org.junit.runners.BlockJUnit4ClassRunner.runChild(BlockJUnit4ClassRunner.java:50)
	at org.junit.runners.ParentRunner$3.run(ParentRunner.java:193)
	at org.junit.runners.ParentRunner$1.schedule(ParentRunner.java:52)
	at org.junit.runners.ParentRunner.runChildren(ParentRunner.java:191)
	at org.junit.runners.ParentRunner.access$000(ParentRunner.java:42)
	at org.junit.runners.ParentRunner$2.evaluate(ParentRunner.java:184)
	at org.junit.internal.runners.statements.RunAfters.evaluate(RunAfters.java:31)
	at org.junit.runners.ParentRunner.run(ParentRunner.java:236)
	at org.junit.runners.Suite.runChild(Suite.java:128)
	at org.junit.runners.Suite.runChild(Suite.java:24)
	at org.junit.runners.ParentRunner$3.run(ParentRunner.java:193)
	at org.junit.runners.ParentRunner$1.schedule(ParentRunner.java:52)
	at org.junit.runners.ParentRunner.runChildren(ParentRunner.java:191)
	at org.junit.runners.ParentRunner.access$000(ParentRunner.java:42)
	at org.junit.runners.ParentRunner$2.evaluate(ParentRunner.java:184)
	at org.junit.runners.ParentRunner.run(ParentRunner.java:236)
	at org.junit.runners.Suite.runChild(Suite.java:128)
	at org.junit.runners.Suite.runChild(Suite.java:24)
	at org.junit.runners.ParentRunner$3.run(ParentRunner.java:193)
	at org.junit.runners.ParentRunner$1.schedule(ParentRunner.java:52)
	at org.junit.runners.ParentRunner.runChildren(ParentRunner.java:191)
	at org.junit.runners.ParentRunner.access$000(ParentRunner.java:42)
	at org.junit.runners.ParentRunner$2.evaluate(ParentRunner.java:184)
	at org.junit.runners.ParentRunner.run(ParentRunner.java:236)
	at org.eclipse.jdt.internal.junit4.runner.JUnit4TestReference.run(JUnit4TestReference.java:49)
	at org.eclipse.jdt.internal.junit.runner.TestExecution.run(TestExecution.java:38)
	at org.eclipse.jdt.internal.junit.runner.RemoteTestRunner.runTests(RemoteTestRunner.java:467)
	at org.eclipse.jdt.internal.junit.runner.RemoteTestRunner.runTests(RemoteTestRunner.java:683)
	at org.eclipse.jdt.internal.junit.runner.RemoteTestRunner.run(RemoteTestRunner.java:390)
	at org.eclipse.jdt.internal.junit.runner.RemoteTestRunner.main(RemoteTestRunner.java:197)
</error>
    </testcase>
    <testcase classname="default.with-annotation-combine-data-handle-errors.eunit" name="hasOneA[2]" time="0.0140000">
      <error message="Type &apos;modelNamezzzz&apos; not found (/Users/louis/Code/eclipse/workspaces/helios/epsilon/org.eclipse.epsilon.workflow.test/resources/eunit/with-annotation-combine-data-handle-errors.eunit@6:20)" type="org.eclipse.epsilon.eol.exceptions.EolTypeNotFoundException">Type &apos;modelNamezzzz&apos; not found (/Users/louis/Code/eclipse/workspaces/helios/epsilon/org.eclipse.epsilon.workflow.test/resources/eunit/with-annotation-combine-data-handle-errors.eunit@6:20)
	at org.eclipse.epsilon.eol.execute.TypeExecutor.execute(TypeExecutor.java:96)
	at org.eclipse.epsilon.eol.execute.NameExecutor.execute(NameExecutor.java:75)
	at org.eclipse.epsilon.eol.execute.NameExecutor.execute(NameExecutor.java:94)
	at org.eclipse.epsilon.eol.execute.ExecutorFactory.executeAST(ExecutorFactory.java:179)
	at org.eclipse.epsilon.eol.execute.CollectionExecutor.execute(CollectionExecutor.java:54)
	at org.eclipse.epsilon.eol.execute.ExecutorFactory.executeAST(ExecutorFactory.java:179)
	at org.eclipse.epsilon.eol.annotations.EolExecutableAnnotation.getValue(EolExecutableAnnotation.java:38)
	at org.eclipse.epsilon.eol.annotations.EolAnnotationsUtil.getAnnotationsValues(EolAnnotationsUtil.java:122)
	at org.eclipse.epsilon.eol.eunit.EUnitModule.getModelBindings(EUnitModule.java:156)
	at org.eclipse.epsilon.eol.eunit.EUnitModule.populateSuiteTreeTestOperation(EUnitModule.java:181)
	at org.eclipse.epsilon.eol.eunit.EUnitModule.populateSuiteTree(EUnitModule.java:167)
	at org.eclipse.epsilon.eol.eunit.EUnitModule.populateSuiteTreeDataOperation(EUnitModule.java:226)
	at org.eclipse.epsilon.eol.eunit.EUnitModule.populateSuiteTree(EUnitModule.java:165)
	at org.eclipse.epsilon.eol.eunit.EUnitModule.getSuiteRoot(EUnitModule.java:122)
	at org.eclipse.epsilon.eol.eunit.EUnitModule.execute(EUnitModule.java:106)
	at org.eclipse.epsilon.workflow.tasks.ModuleTask.executeImpl(ModuleTask.java:55)
	at org.eclipse.epsilon.workflow.tasks.EpsilonTask.execute(EpsilonTask.java:40)
	at org.apache.tools.ant.UnknownElement.execute(UnknownElement.java:288)
	at sun.reflect.GeneratedMethodAccessor73.invoke(Unknown Source)
	at sun.reflect.DelegatingMethodAccessorImpl.invoke(DelegatingMethodAccessorImpl.java:25)
	at java.lang.reflect.Method.invoke(Method.java:597)
	at org.apache.tools.ant.dispatch.DispatchUtils.execute(DispatchUtils.java:106)
	at org.apache.tools.ant.Task.perform(Task.java:348)
	at org.apache.tools.ant.Target.execute(Target.java:357)
	at org.apache.tools.ant.Target.performTasks(Target.java:385)
	at org.apache.tools.ant.Project.executeSortedTargets(Project.java:1337)
	at org.apache.tools.ant.helper.SingleCheckExecutor.executeTargets(SingleCheckExecutor.java:38)
	at org.apache.tools.ant.Project.executeTargets(Project.java:1189)
	at org.apache.tools.ant.taskdefs.Ant.execute(Ant.java:416)
	at org.apache.tools.ant.taskdefs.CallTarget.execute(CallTarget.java:105)
	at org.apache.tools.ant.UnknownElement.execute(UnknownElement.java:288)
	at sun.reflect.GeneratedMethodAccessor73.invoke(Unknown Source)
	at sun.reflect.DelegatingMethodAccessorImpl.invoke(DelegatingMethodAccessorImpl.java:25)
	at java.lang.reflect.Method.invoke(Method.java:597)
	at org.apache.tools.ant.dispatch.DispatchUtils.execute(DispatchUtils.java:106)
	at org.apache.tools.ant.Task.perform(Task.java:348)
	at org.apache.tools.ant.Target.execute(Target.java:357)
	at org.apache.tools.ant.Target.performTasks(Target.java:385)
	at org.apache.tools.ant.Project.executeSortedTargets(Project.java:1337)
	at org.apache.tools.ant.Project.executeTarget(Project.java:1306)
	at org.eclipse.epsilon.workflow.test.WorkflowTestCase.runTarget(WorkflowTestCase.java:40)
	at org.eclipse.epsilon.workflow.test.eunit.EUnitJUnitXMLOutputTest.withCanUseDataVariablesHandleErrors(EUnitJUnitXMLOutputTest.java:185)
	at sun.reflect.NativeMethodAccessorImpl.invoke0(Native Method)
	at sun.reflect.NativeMethodAccessorImpl.invoke(NativeMethodAccessorImpl.java:39)
	at sun.reflect.DelegatingMethodAccessorImpl.invoke(DelegatingMethodAccessorImpl.java:25)
	at java.lang.reflect.Method.invoke(Method.java:597)
	at org.junit.runners.model.FrameworkMethod$1.runReflectiveCall(FrameworkMethod.java:44)
	at org.junit.internal.runners.model.ReflectiveCallable.run(ReflectiveCallable.java:15)
	at org.junit.runners.model.FrameworkMethod.invokeExplosively(FrameworkMethod.java:41)
	at org.junit.internal.runners.statements.InvokeMethod.evaluate(InvokeMethod.java:20)
	at org.junit.runners.BlockJUnit4ClassRunner.runChild(BlockJUnit4ClassRunner.java:76)
	at org.junit.runners.BlockJUnit4ClassRunner.runChild(BlockJUnit4ClassRunner.java:50)
	at org.junit.runners.ParentRunner$3.run(ParentRunner.java:193)
	at org.junit.runners.ParentRunner$1.schedule(ParentRunner.java:52)
	at org.junit.runners.ParentRunner.runChildren(ParentRunner.java:191)
	at org.junit.runners.ParentRunner.access$000(ParentRunner.java:42)
	at org.junit.runners.ParentRunner$2.evaluate(ParentRunner.java:184)
	at org.junit.internal.runners.statements.RunAfters.evaluate(RunAfters.java:31)
	at org.junit.runners.ParentRunner.run(ParentRunner.java:236)
	at org.junit.runners.Suite.runChild(Suite.java:128)
	at org.junit.runners.Suite.runChild(Suite.java:24)
	at org.junit.runners.ParentRunner$3.run(ParentRunner.java:193)
	at org.junit.runners.ParentRunner$1.schedule(ParentRunner.java:52)
	at org.junit.runners.ParentRunner.runChildren(ParentRunner.java:191)
	at org.junit.runners.ParentRunner.access$000(ParentRunner.java:42)
	at org.junit.runners.ParentRunner$2.evaluate(ParentRunner.java:184)
	at org.junit.runners.ParentRunner.run(ParentRunner.java:236)
	at org.junit.runners.Suite.runChild(Suite.java:128)
	at org.junit.runners.Suite.runChild(Suite.java:24)
	at org.junit.runners.ParentRunner$3.run(ParentRunner.java:193)
	at org.junit.runners.ParentRunner$1.schedule(ParentRunner.java:52)
	at org.junit.runners.ParentRunner.runChildren(ParentRunner.java:191)
	at org.junit.runners.ParentRunner.access$000(ParentRunner.java:42)
	at org.junit.runners.ParentRunner$2.evaluate(ParentRunner.java:184)
	at org.junit.runners.ParentRunner.run(ParentRunner.java:236)
	at org.eclipse.jdt.internal.junit4.runner.JUnit4TestReference.run(JUnit4TestReference.java:49)
	at org.eclipse.jdt.internal.junit.runner.TestExecution.run(TestExecution.java:38)
	at org.eclipse.jdt.internal.junit.runner.RemoteTestRunner.runTests(RemoteTestRunner.java:467)
	at org.eclipse.jdt.internal.junit.runner.RemoteTestRunner.runTests(RemoteTestRunner.java:683)
	at org.eclipse.jdt.internal.junit.runner.RemoteTestRunner.run(RemoteTestRunner.java:390)
	at org.eclipse.jdt.internal.junit.runner.RemoteTestRunner.main(RemoteTestRunner.java:197)
</error>
    </testcase>
    <system-out>Global result: ERROR [cpu: 33 ms, wallclock: 33 ms]
</system-out>
    <system-err>Test hasOneA[1] (modelName = A) failed with status ERROR: Type &apos;modelNamezzzz&apos; not found (/Users/louis/Code/eclipse/workspaces/helios/epsilon/org.eclipse.epsilon.workflow.test/resources/eunit/with-annotation-combine-data-handle-errors.eunit@6:20)
Type &apos;modelNamezzzz&apos; not found (/Users/louis/Code/eclipse/workspaces/helios/epsilon/org.eclipse.epsilon.workflow.test/resources/eunit/with-annotation-combine-data-handle-errors.eunit@6:20)
	at org.eclipse.epsilon.eol.execute.TypeExecutor.execute(TypeExecutor.java:96)
	at org.eclipse.epsilon.eol.execute.NameExecutor.execute(NameExecutor.java:75)
	at org.eclipse.epsilon.eol.execute.NameExecutor.execute(NameExecutor.java:94)
	at org.eclipse.epsilon.eol.execute.ExecutorFactory.executeAST(ExecutorFactory.java:179)
	at org.eclipse.epsilon.eol.execute.CollectionExecutor.execute(CollectionExecutor.java:54)
	at org.eclipse.epsilon.eol.execute.ExecutorFactory.executeAST(ExecutorFactory.java:179)
	at org.eclipse.epsilon.eol.annotations.EolExecutableAnnotation.getValue(EolExecutableAnnotation.java:38)
	at org.eclipse.epsilon.eol.annotations.EolAnnotationsUtil.getAnnotationsValues(EolAnnotationsUtil.java:122)
	at org.eclipse.epsilon.eol.eunit.EUnitModule.getModelBindings(EUnitModule.java:156)
	at org.eclipse.epsilon.eol.eunit.EUnitModule.populateSuiteTreeTestOperation(EUnitModule.java:181)
	at org.eclipse.epsilon.eol.eunit.EUnitModule.populateSuiteTree(EUnitModule.java:167)
	at org.eclipse.epsilon.eol.eunit.EUnitModule.populateSuiteTreeDataOperation(EUnitModule.java:226)
	at org.eclipse.epsilon.eol.eunit.EUnitModule.populateSuiteTree(EUnitModule.java:165)
	at org.eclipse.epsilon.eol.eunit.EUnitModule.getSuiteRoot(EUnitModule.java:122)
	at org.eclipse.epsilon.eol.eunit.EUnitModule.execute(EUnitModule.java:106)
	at org.eclipse.epsilon.workflow.tasks.ModuleTask.executeImpl(ModuleTask.java:55)
	at org.eclipse.epsilon.workflow.tasks.EpsilonTask.execute(EpsilonTask.java:40)
	at org.apache.tools.ant.UnknownElement.execute(UnknownElement.java:288)
	at sun.reflect.GeneratedMethodAccessor73.invoke(Unknown Source)
	at sun.reflect.DelegatingMethodAccessorImpl.invoke(DelegatingMethodAccessorImpl.java:25)
	at java.lang.reflect.Method.invoke(Method.java:597)
	at org.apache.tools.ant.dispatch.DispatchUtils.execute(DispatchUtils.java:106)
	at org.apache.tools.ant.Task.perform(Task.java:348)
	at org.apache.tools.ant.Target.execute(Target.java:357)
	at org.apache.tools.ant.Target.performTasks(Target.java:385)
	at org.apache.tools.ant.Project.executeSortedTargets(Project.java:1337)
	at org.apache.tools.ant.helper.SingleCheckExecutor.executeTargets(SingleCheckExecutor.java:38)
	at org.apache.tools.ant.Project.executeTargets(Project.java:1189)
	at org.apache.tools.ant.taskdefs.Ant.execute(Ant.java:416)
	at org.apache.tools.ant.taskdefs.CallTarget.execute(CallTarget.java:105)
	at org.apache.tools.ant.UnknownElement.execute(UnknownElement.java:288)
	at sun.reflect.GeneratedMethodAccessor73.invoke(Unknown Source)
	at sun.reflect.DelegatingMethodAccessorImpl.invoke(DelegatingMethodAccessorImpl.java:25)
	at java.lang.reflect.Method.invoke(Method.java:597)
	at org.apache.tools.ant.dispatch.DispatchUtils.execute(DispatchUtils.java:106)
	at org.apache.tools.ant.Task.perform(Task.java:348)
	at org.apache.tools.ant.Target.execute(Target.java:357)
	at org.apache.tools.ant.Target.performTasks(Target.java:385)
	at org.apache.tools.ant.Project.executeSortedTargets(Project.java:1337)
	at org.apache.tools.ant.Project.executeTarget(Project.java:1306)
	at org.eclipse.epsilon.workflow.test.WorkflowTestCase.runTarget(WorkflowTestCase.java:40)
	at org.eclipse.epsilon.workflow.test.eunit.EUnitJUnitXMLOutputTest.withCanUseDataVariablesHandleErrors(EUnitJUnitXMLOutputTest.java:185)
	at sun.reflect.NativeMethodAccessorImpl.invoke0(Native Method)
	at sun.reflect.NativeMethodAccessorImpl.invoke(NativeMethodAccessorImpl.java:39)
	at sun.reflect.DelegatingMethodAccessorImpl.invoke(DelegatingMethodAccessorImpl.java:25)
	at java.lang.reflect.Method.invoke(Method.java:597)
	at org.junit.runners.model.FrameworkMethod$1.runReflectiveCall(FrameworkMethod.java:44)
	at org.junit.internal.runners.model.ReflectiveCallable.run(ReflectiveCallable.java:15)
	at org.junit.runners.model.FrameworkMethod.invokeExplosively(FrameworkMethod.java:41)
	at org.junit.internal.runners.statements.InvokeMethod.evaluate(InvokeMethod.java:20)
	at org.junit.runners.BlockJUnit4ClassRunner.runChild(BlockJUnit4ClassRunner.java:76)
	at org.junit.runners.BlockJUnit4ClassRunner.runChild(BlockJUnit4ClassRunner.java:50)
	at org.junit.runners.ParentRunner$3.run(ParentRunner.java:193)
	at org.junit.runners.ParentRunner$1.schedule(ParentRunner.java:52)
	at org.junit.runners.ParentRunner.runChildren(ParentRunner.java:191)
	at org.junit.runners.ParentRunner.access$000(ParentRunner.java:42)
	at org.junit.runners.ParentRunner$2.evaluate(ParentRunner.java:184)
	at org.junit.internal.runners.statements.RunAfters.evaluate(RunAfters.java:31)
	at org.junit.runners.ParentRunner.run(ParentRunner.java:236)
	at org.junit.runners.Suite.runChild(Suite.java:128)
	at org.junit.runners.Suite.runChild(Suite.java:24)
	at org.junit.runners.ParentRunner$3.run(ParentRunner.java:193)
	at org.junit.runners.ParentRunner$1.schedule(ParentRunner.java:52)
	at org.junit.runners.ParentRunner.runChildren(ParentRunner.java:191)
	at org.junit.runners.ParentRunner.access$000(ParentRunner.java:42)
	at org.junit.runners.ParentRunner$2.evaluate(ParentRunner.java:184)
	at org.junit.runners.ParentRunner.run(ParentRunner.java:236)
	at org.junit.runners.Suite.runChild(Suite.java:128)
	at org.junit.runners.Suite.runChild(Suite.java:24)
	at org.junit.runners.ParentRunner$3.run(ParentRunner.java:193)
	at org.junit.runners.ParentRunner$1.schedule(ParentRunner.java:52)
	at org.junit.runners.ParentRunner.runChildren(ParentRunner.java:191)
	at org.junit.runners.ParentRunner.access$000(ParentRunner.java:42)
	at org.junit.runners.ParentRunner$2.evaluate(ParentRunner.java:184)
	at org.junit.runners.ParentRunner.run(ParentRunner.java:236)
	at org.eclipse.jdt.internal.junit4.runner.JUnit4TestReference.run(JUnit4TestReference.java:49)
	at org.eclipse.jdt.internal.junit.runner.TestExecution.run(TestExecution.java:38)
	at org.eclipse.jdt.internal.junit.runner.RemoteTestRunner.runTests(RemoteTestRunner.java:467)
	at org.eclipse.jdt.internal.junit.runner.RemoteTestRunner.runTests(RemoteTestRunner.java:683)
	at org.eclipse.jdt.internal.junit.runner.RemoteTestRunner.run(RemoteTestRunner.java:390)
	at org.eclipse.jdt.internal.junit.runner.RemoteTestRunner.main(RemoteTestRunner.java:197)
Test getData[1] (modelName = A) failed with status ERROR
Test hasOneA[2] (modelName = B) failed with status ERROR: Type &apos;modelNamezzzz&apos; not found (/Users/louis/Code/eclipse/workspaces/helios/epsilon/org.eclipse.epsilon.workflow.test/resources/eunit/with-annotation-combine-data-handle-errors.eunit@6:20)
Type &apos;modelNamezzzz&apos; not found (/Users/louis/Code/eclipse/workspaces/helios/epsilon/org.eclipse.epsilon.workflow.test/resources/eunit/with-annotation-combine-data-handle-errors.eunit@6:20)
	at org.eclipse.epsilon.eol.execute.TypeExecutor.execute(TypeExecutor.java:96)
	at org.eclipse.epsilon.eol.execute.NameExecutor.execute(NameExecutor.java:75)
	at org.eclipse.epsilon.eol.execute.NameExecutor.execute(NameExecutor.java:94)
	at org.eclipse.epsilon.eol.execute.ExecutorFactory.executeAST(ExecutorFactory.java:179)
	at org.eclipse.epsilon.eol.execute.CollectionExecutor.execute(CollectionExecutor.java:54)
	at org.eclipse.epsilon.eol.execute.ExecutorFactory.executeAST(ExecutorFactory.java:179)
	at org.eclipse.epsilon.eol.annotations.EolExecutableAnnotation.getValue(EolExecutableAnnotation.java:38)
	at org.eclipse.epsilon.eol.annotations.EolAnnotationsUtil.getAnnotationsValues(EolAnnotationsUtil.java:122)
	at org.eclipse.epsilon.eol.eunit.EUnitModule.getModelBindings(EUnitModule.java:156)
	at org.eclipse.epsilon.eol.eunit.EUnitModule.populateSuiteTreeTestOperation(EUnitModule.java:181)
	at org.eclipse.epsilon.eol.eunit.EUnitModule.populateSuiteTree(EUnitModule.java:167)
	at org.eclipse.epsilon.eol.eunit.EUnitModule.populateSuiteTreeDataOperation(EUnitModule.java:226)
	at org.eclipse.epsilon.eol.eunit.EUnitModule.populateSuiteTree(EUnitModule.java:165)
	at org.eclipse.epsilon.eol.eunit.EUnitModule.getSuiteRoot(EUnitModule.java:122)
	at org.eclipse.epsilon.eol.eunit.EUnitModule.execute(EUnitModule.java:106)
	at org.eclipse.epsilon.workflow.tasks.ModuleTask.executeImpl(ModuleTask.java:55)
	at org.eclipse.epsilon.workflow.tasks.EpsilonTask.execute(EpsilonTask.java:40)
	at org.apache.tools.ant.UnknownElement.execute(UnknownElement.java:288)
	at sun.reflect.GeneratedMethodAccessor73.invoke(Unknown Source)
	at sun.reflect.DelegatingMethodAccessorImpl.invoke(DelegatingMethodAccessorImpl.java:25)
	at java.lang.reflect.Method.invoke(Method.java:597)
	at org.apache.tools.ant.dispatch.DispatchUtils.execute(DispatchUtils.java:106)
	at org.apache.tools.ant.Task.perform(Task.java:348)
	at org.apache.tools.ant.Target.execute(Target.java:357)
	at org.apache.tools.ant.Target.performTasks(Target.java:385)
	at org.apache.tools.ant.Project.executeSortedTargets(Project.java:1337)
	at org.apache.tools.ant.helper.SingleCheckExecutor.executeTargets(SingleCheckExecutor.java:38)
	at org.apache.tools.ant.Project.executeTargets(Project.java:1189)
	at org.apache.tools.ant.taskdefs.Ant.execute(Ant.java:416)
	at org.apache.tools.ant.taskdefs.CallTarget.execute(CallTarget.java:105)
	at org.apache.tools.ant.UnknownElement.execute(UnknownElement.java:288)
	at sun.reflect.GeneratedMethodAccessor73.invoke(Unknown Source)
	at sun.reflect.DelegatingMethodAccessorImpl.invoke(DelegatingMethodAccessorImpl.java:25)
	at java.lang.reflect.Method.invoke(Method.java:597)
	at org.apache.tools.ant.dispatch.DispatchUtils.execute(DispatchUtils.java:106)
	at org.apache.tools.ant.Task.perform(Task.java:348)
	at org.apache.tools.ant.Target.execute(Target.java:357)
	at org.apache.tools.ant.Target.performTasks(Target.java:385)
	at org.apache.tools.ant.Project.executeSortedTargets(Project.java:1337)
	at org.apache.tools.ant.Project.executeTarget(Project.java:1306)
	at org.eclipse.epsilon.workflow.test.WorkflowTestCase.runTarget(WorkflowTestCase.java:40)
	at org.eclipse.epsilon.workflow.test.eunit.EUnitJUnitXMLOutputTest.withCanUseDataVariablesHandleErrors(EUnitJUnitXMLOutputTest.java:185)
	at sun.reflect.NativeMethodAccessorImpl.invoke0(Native Method)
	at sun.reflect.NativeMethodAccessorImpl.invoke(NativeMethodAccessorImpl.java:39)
	at sun.reflect.DelegatingMethodAccessorImpl.invoke(DelegatingMethodAccessorImpl.java:25)
	at java.lang.reflect.Method.invoke(Method.java:597)
	at org.junit.runners.model.FrameworkMethod$1.runReflectiveCall(FrameworkMethod.java:44)
	at org.junit.internal.runners.model.ReflectiveCallable.run(ReflectiveCallable.java:15)
	at org.junit.runners.model.FrameworkMethod.invokeExplosively(FrameworkMethod.java:41)
	at org.junit.internal.runners.statements.InvokeMethod.evaluate(InvokeMethod.java:20)
	at org.junit.runners.BlockJUnit4ClassRunner.runChild(BlockJUnit4ClassRunner.java:76)
	at org.junit.runners.BlockJUnit4ClassRunner.runChild(BlockJUnit4ClassRunner.java:50)
	at org.junit.runners.ParentRunner$3.run(ParentRunner.java:193)
	at org.junit.runners.ParentRunner$1.schedule(ParentRunner.java:52)
	at org.junit.runners.ParentRunner.runChildren(ParentRunner.java:191)
	at org.junit.runners.ParentRunner.access$000(ParentRunner.java:42)
	at org.junit.runners.ParentRunner$2.evaluate(ParentRunner.java:184)
	at org.junit.internal.runners.statements.RunAfters.evaluate(RunAfters.java:31)
	at org.junit.runners.ParentRunner.run(ParentRunner.java:236)
	at org.junit.runners.Suite.runChild(Suite.java:128)
	at org.junit.runners.Suite.runChild(Suite.java:24)
	at org.junit.runners.ParentRunner$3.run(ParentRunner.java:193)
	at org.junit.runners.ParentRunner$1.schedule(ParentRunner.java:52)
	at org.junit.runners.ParentRunner.runChildren(ParentRunner.java:191)
	at org.junit.runners.ParentRunner.access$000(ParentRunner.java:42)
	at org.junit.runners.ParentRunner$2.evaluate(ParentRunner.java:184)
	at org.junit.runners.ParentRunner.run(ParentRunner.java:236)
	at org.junit.runners.Suite.runChild(Suite.java:128)
	at org.junit.runners.Suite.runChild(Suite.java:24)
	at org.junit.runners.ParentRunner$3.run(ParentRunner.java:193)
	at org.junit.runners.ParentRunner$1.schedule(ParentRunner.java:52)
	at org.junit.runners.ParentRunner.runChildren(ParentRunner.java:191)
	at org.junit.runners.ParentRunner.access$000(ParentRunner.java:42)
	at org.junit.runners.ParentRunner$2.evaluate(ParentRunner.java:184)
	at org.junit.runners.ParentRunner.run(ParentRunner.java:236)
	at org.eclipse.jdt.internal.junit4.runner.JUnit4TestReference.run(JUnit4TestReference.java:49)
	at org.eclipse.jdt.internal.junit.runner.TestExecution.run(TestExecution.java:38)
	at org.eclipse.jdt.internal.junit.runner.RemoteTestRunner.runTests(RemoteTestRunner.java:467)
	at org.eclipse.jdt.internal.junit.runner.RemoteTestRunner.runTests(RemoteTestRunner.java:683)
	at org.eclipse.jdt.internal.junit.runner.RemoteTestRunner.run(RemoteTestRunner.java:390)
	at org.eclipse.jdt.internal.junit.runner.RemoteTestRunner.main(RemoteTestRunner.java:197)
Test getData[2] (modelName = B) failed with status ERROR
Test root () failed with status ERROR
</system-err>
  </testsuite>
  <testsuite errors="0" failures="0" hostname="dyn107.cs.york.ac.uk" id="7" name="with-annotation-combine-data" package="default" tests="2" time="0.0520000">
    <properties>
[...]
</properties>
    <testcase classname="default.with-annotation-combine-data.eunit" name="hasOneA[1]" time="0.0290000" />
    <testcase classname="default.with-annotation-combine-data.eunit" name="hasOneA[2]" time="0.0220000" />
    <system-out>Test hasOneA[1] (modelName = A, &apos;&apos; is &apos;A&apos;) passed [cpu: 24 ms, wallclock: 29 ms]
Test getData[1] (modelName = A) passed [cpu: 24 ms, wallclock: 29 ms]
Test hasOneA[2] (modelName = B, &apos;&apos; is &apos;B&apos;) passed [cpu: 22 ms, wallclock: 22 ms]
Test getData[2] (modelName = B) passed [cpu: 22 ms, wallclock: 23 ms]
Test root () passed [cpu: 47 ms, wallclock: 52 ms]
Global result: SUCCESS [cpu: 47 ms, wallclock: 52 ms]
</system-out>
    <system-err />
  </testsuite>
  <testsuite errors="1" failures="0" hostname="dyn107.cs.york.ac.uk" id="8" name="with-annotation-missing-model" package="default" tests="2" time="0.0390000">
    <properties>
[...]
</properties>
    <testcase classname="default.with-annotation-missing-model.eunit" name="hasOneA[1]" time="0.0230000" />
    <testcase classname="default.with-annotation-missing-model.eunit" name="hasOneA[2]" time="0.0140000">
      <error message="Model &apos;IDoNotExist&apos; not found" type="org.eclipse.epsilon.eol.exceptions.models.EolModelNotFoundException">Model &apos;IDoNotExist&apos; not found
	at org.eclipse.epsilon.eol.models.ModelGroup.&lt;init&gt;(ModelGroup.java:41)
	at org.eclipse.epsilon.eol.models.ModelRepository.getModelByName(ModelRepository.java:75)
	at org.eclipse.epsilon.eol.eunit.EUnitModule.applyModelBindings(EUnitModule.java:372)
	at org.eclipse.epsilon.eol.eunit.EUnitModule.runSuiteInternal(EUnitModule.java:289)
	at org.eclipse.epsilon.eol.eunit.EUnitModule.runSuite(EUnitModule.java:131)
	at org.eclipse.epsilon.eol.eunit.EUnitModule.runInnerTestCase(EUnitModule.java:310)
	at org.eclipse.epsilon.eol.eunit.EUnitModule.runSuiteInternal(EUnitModule.java:297)
	at org.eclipse.epsilon.eol.eunit.EUnitModule.runSuite(EUnitModule.java:131)
	at org.eclipse.epsilon.eol.eunit.EUnitModule.runInnerTestCase(EUnitModule.java:310)
	at org.eclipse.epsilon.eol.eunit.EUnitModule.runSuiteInternal(EUnitModule.java:297)
	at org.eclipse.epsilon.eol.eunit.EUnitModule.runSuite(EUnitModule.java:131)
	at org.eclipse.epsilon.eol.eunit.EUnitModule.execute(EUnitModule.java:106)
	at org.eclipse.epsilon.workflow.tasks.ModuleTask.executeImpl(ModuleTask.java:55)
	at org.eclipse.epsilon.workflow.tasks.EpsilonTask.execute(EpsilonTask.java:40)
	at org.apache.tools.ant.UnknownElement.execute(UnknownElement.java:288)
	at sun.reflect.GeneratedMethodAccessor73.invoke(Unknown Source)
	at sun.reflect.DelegatingMethodAccessorImpl.invoke(DelegatingMethodAccessorImpl.java:25)
	at java.lang.reflect.Method.invoke(Method.java:597)
	at org.apache.tools.ant.dispatch.DispatchUtils.execute(DispatchUtils.java:106)
	at org.apache.tools.ant.Task.perform(Task.java:348)
	at org.apache.tools.ant.Target.execute(Target.java:357)
	at org.apache.tools.ant.Target.performTasks(Target.java:385)
	at org.apache.tools.ant.Project.executeSortedTargets(Project.java:1337)
	at org.apache.tools.ant.helper.SingleCheckExecutor.executeTargets(SingleCheckExecutor.java:38)
	at org.apache.tools.ant.Project.executeTargets(Project.java:1189)
	at org.apache.tools.ant.taskdefs.Ant.execute(Ant.java:416)
	at org.apache.tools.ant.taskdefs.CallTarget.execute(CallTarget.java:105)
	at org.apache.tools.ant.UnknownElement.execute(UnknownElement.java:288)
	at sun.reflect.GeneratedMethodAccessor73.invoke(Unknown Source)
	at sun.reflect.DelegatingMethodAccessorImpl.invoke(DelegatingMethodAccessorImpl.java:25)
	at java.lang.reflect.Method.invoke(Method.java:597)
	at org.apache.tools.ant.dispatch.DispatchUtils.execute(DispatchUtils.java:106)
	at org.apache.tools.ant.Task.perform(Task.java:348)
	at org.apache.tools.ant.Target.execute(Target.java:357)
	at org.apache.tools.ant.Target.performTasks(Target.java:385)
	at org.apache.tools.ant.Project.executeSortedTargets(Project.java:1337)
	at org.apache.tools.ant.Project.executeTarget(Project.java:1306)
	at org.eclipse.epsilon.workflow.test.WorkflowTestCase.runTarget(WorkflowTestCase.java:40)
	at org.eclipse.epsilon.workflow.test.eunit.EUnitJUnitXMLOutputTest.withUsingMissingModelsIsFailedTestCase(EUnitJUnitXMLOutputTest.java:163)
	at sun.reflect.NativeMethodAccessorImpl.invoke0(Native Method)
	at sun.reflect.NativeMethodAccessorImpl.invoke(NativeMethodAccessorImpl.java:39)
	at sun.reflect.DelegatingMethodAccessorImpl.invoke(DelegatingMethodAccessorImpl.java:25)
	at java.lang.reflect.Method.invoke(Method.java:597)
	at org.junit.runners.model.FrameworkMethod$1.runReflectiveCall(FrameworkMethod.java:44)
	at org.junit.internal.runners.model.ReflectiveCallable.run(ReflectiveCallable.java:15)
	at org.junit.runners.model.FrameworkMethod.invokeExplosively(FrameworkMethod.java:41)
	at org.junit.internal.runners.statements.InvokeMethod.evaluate(InvokeMethod.java:20)
	at org.junit.runners.BlockJUnit4ClassRunner.runChild(BlockJUnit4ClassRunner.java:76)
	at org.junit.runners.BlockJUnit4ClassRunner.runChild(BlockJUnit4ClassRunner.java:50)
	at org.junit.runners.ParentRunner$3.run(ParentRunner.java:193)
	at org.junit.runners.ParentRunner$1.schedule(ParentRunner.java:52)
	at org.junit.runners.ParentRunner.runChildren(ParentRunner.java:191)
	at org.junit.runners.ParentRunner.access$000(ParentRunner.java:42)
	at org.junit.runners.ParentRunner$2.evaluate(ParentRunner.java:184)
	at org.junit.internal.runners.statements.RunAfters.evaluate(RunAfters.java:31)
	at org.junit.runners.ParentRunner.run(ParentRunner.java:236)
	at org.junit.runners.Suite.runChild(Suite.java:128)
	at org.junit.runners.Suite.runChild(Suite.java:24)
	at org.junit.runners.ParentRunner$3.run(ParentRunner.java:193)
	at org.junit.runners.ParentRunner$1.schedule(ParentRunner.java:52)
	at org.junit.runners.ParentRunner.runChildren(ParentRunner.java:191)
	at org.junit.runners.ParentRunner.access$000(ParentRunner.java:42)
	at org.junit.runners.ParentRunner$2.evaluate(ParentRunner.java:184)
	at org.junit.runners.ParentRunner.run(ParentRunner.java:236)
	at org.junit.runners.Suite.runChild(Suite.java:128)
	at org.junit.runners.Suite.runChild(Suite.java:24)
	at org.junit.runners.ParentRunner$3.run(ParentRunner.java:193)
	at org.junit.runners.ParentRunner$1.schedule(ParentRunner.java:52)
	at org.junit.runners.ParentRunner.runChildren(ParentRunner.java:191)
	at org.junit.runners.ParentRunner.access$000(ParentRunner.java:42)
	at org.junit.runners.ParentRunner$2.evaluate(ParentRunner.java:184)
	at org.junit.runners.ParentRunner.run(ParentRunner.java:236)
	at org.eclipse.jdt.internal.junit4.runner.JUnit4TestReference.run(JUnit4TestReference.java:49)
	at org.eclipse.jdt.internal.junit.runner.TestExecution.run(TestExecution.java:38)
	at org.eclipse.jdt.internal.junit.runner.RemoteTestRunner.runTests(RemoteTestRunner.java:467)
	at org.eclipse.jdt.internal.junit.runner.RemoteTestRunner.runTests(RemoteTestRunner.java:683)
	at org.eclipse.jdt.internal.junit.runner.RemoteTestRunner.run(RemoteTestRunner.java:390)
	at org.eclipse.jdt.internal.junit.runner.RemoteTestRunner.main(RemoteTestRunner.java:197)
</error>
    </testcase>
    <system-out>Test hasOneA[1] (&apos;&apos; is &apos;A&apos;) passed [cpu: 23 ms, wallclock: 23 ms]
Global result: ERROR [cpu: 39 ms, wallclock: 39 ms]
</system-out>
    <system-err>Test hasOneA[2] (&apos;&apos; is &apos;IDoNotExist&apos;) failed with status ERROR: Model &apos;IDoNotExist&apos; not found
Model &apos;IDoNotExist&apos; not found
	at org.eclipse.epsilon.eol.models.ModelGroup.&lt;init&gt;(ModelGroup.java:41)
	at org.eclipse.epsilon.eol.models.ModelRepository.getModelByName(ModelRepository.java:75)
	at org.eclipse.epsilon.eol.eunit.EUnitModule.applyModelBindings(EUnitModule.java:372)
	at org.eclipse.epsilon.eol.eunit.EUnitModule.runSuiteInternal(EUnitModule.java:289)
	at org.eclipse.epsilon.eol.eunit.EUnitModule.runSuite(EUnitModule.java:131)
	at org.eclipse.epsilon.eol.eunit.EUnitModule.runInnerTestCase(EUnitModule.java:310)
	at org.eclipse.epsilon.eol.eunit.EUnitModule.runSuiteInternal(EUnitModule.java:297)
	at org.eclipse.epsilon.eol.eunit.EUnitModule.runSuite(EUnitModule.java:131)
	at org.eclipse.epsilon.eol.eunit.EUnitModule.runInnerTestCase(EUnitModule.java:310)
	at org.eclipse.epsilon.eol.eunit.EUnitModule.runSuiteInternal(EUnitModule.java:297)
	at org.eclipse.epsilon.eol.eunit.EUnitModule.runSuite(EUnitModule.java:131)
	at org.eclipse.epsilon.eol.eunit.EUnitModule.execute(EUnitModule.java:106)
	at org.eclipse.epsilon.workflow.tasks.ModuleTask.executeImpl(ModuleTask.java:55)
	at org.eclipse.epsilon.workflow.tasks.EpsilonTask.execute(EpsilonTask.java:40)
	at org.apache.tools.ant.UnknownElement.execute(UnknownElement.java:288)
	at sun.reflect.GeneratedMethodAccessor73.invoke(Unknown Source)
	at sun.reflect.DelegatingMethodAccessorImpl.invoke(DelegatingMethodAccessorImpl.java:25)
	at java.lang.reflect.Method.invoke(Method.java:597)
	at org.apache.tools.ant.dispatch.DispatchUtils.execute(DispatchUtils.java:106)
	at org.apache.tools.ant.Task.perform(Task.java:348)
	at org.apache.tools.ant.Target.execute(Target.java:357)
	at org.apache.tools.ant.Target.performTasks(Target.java:385)
	at org.apache.tools.ant.Project.executeSortedTargets(Project.java:1337)
	at org.apache.tools.ant.helper.SingleCheckExecutor.executeTargets(SingleCheckExecutor.java:38)
	at org.apache.tools.ant.Project.executeTargets(Project.java:1189)
	at org.apache.tools.ant.taskdefs.Ant.execute(Ant.java:416)
	at org.apache.tools.ant.taskdefs.CallTarget.execute(CallTarget.java:105)
	at org.apache.tools.ant.UnknownElement.execute(UnknownElement.java:288)
	at sun.reflect.GeneratedMethodAccessor73.invoke(Unknown Source)
	at sun.reflect.DelegatingMethodAccessorImpl.invoke(DelegatingMethodAccessorImpl.java:25)
	at java.lang.reflect.Method.invoke(Method.java:597)
	at org.apache.tools.ant.dispatch.DispatchUtils.execute(DispatchUtils.java:106)
	at org.apache.tools.ant.Task.perform(Task.java:348)
	at org.apache.tools.ant.Target.execute(Target.java:357)
	at org.apache.tools.ant.Target.performTasks(Target.java:385)
	at org.apache.tools.ant.Project.executeSortedTargets(Project.java:1337)
	at org.apache.tools.ant.Project.executeTarget(Project.java:1306)
	at org.eclipse.epsilon.workflow.test.WorkflowTestCase.runTarget(WorkflowTestCase.java:40)
	at org.eclipse.epsilon.workflow.test.eunit.EUnitJUnitXMLOutputTest.withUsingMissingModelsIsFailedTestCase(EUnitJUnitXMLOutputTest.java:163)
	at sun.reflect.NativeMethodAccessorImpl.invoke0(Native Method)
	at sun.reflect.NativeMethodAccessorImpl.invoke(NativeMethodAccessorImpl.java:39)
	at sun.reflect.DelegatingMethodAccessorImpl.invoke(DelegatingMethodAccessorImpl.java:25)
	at java.lang.reflect.Method.invoke(Method.java:597)
	at org.junit.runners.model.FrameworkMethod$1.runReflectiveCall(FrameworkMethod.java:44)
	at org.junit.internal.runners.model.ReflectiveCallable.run(ReflectiveCallable.java:15)
	at org.junit.runners.model.FrameworkMethod.invokeExplosively(FrameworkMethod.java:41)
	at org.junit.internal.runners.statements.InvokeMethod.evaluate(InvokeMethod.java:20)
	at org.junit.runners.BlockJUnit4ClassRunner.runChild(BlockJUnit4ClassRunner.java:76)
	at org.junit.runners.BlockJUnit4ClassRunner.runChild(BlockJUnit4ClassRunner.java:50)
	at org.junit.runners.ParentRunner$3.run(ParentRunner.java:193)
	at org.junit.runners.ParentRunner$1.schedule(ParentRunner.java:52)
	at org.junit.runners.ParentRunner.runChildren(ParentRunner.java:191)
	at org.junit.runners.ParentRunner.access$000(ParentRunner.java:42)
	at org.junit.runners.ParentRunner$2.evaluate(ParentRunner.java:184)
	at org.junit.internal.runners.statements.RunAfters.evaluate(RunAfters.java:31)
	at org.junit.runners.ParentRunner.run(ParentRunner.java:236)
	at org.junit.runners.Suite.runChild(Suite.java:128)
	at org.junit.runners.Suite.runChild(Suite.java:24)
	at org.junit.runners.ParentRunner$3.run(ParentRunner.java:193)
	at org.junit.runners.ParentRunner$1.schedule(ParentRunner.java:52)
	at org.junit.runners.ParentRunner.runChildren(ParentRunner.java:191)
	at org.junit.runners.ParentRunner.access$000(ParentRunner.java:42)
	at org.junit.runners.ParentRunner$2.evaluate(ParentRunner.java:184)
	at org.junit.runners.ParentRunner.run(ParentRunner.java:236)
	at org.junit.runners.Suite.runChild(Suite.java:128)
	at org.junit.runners.Suite.runChild(Suite.java:24)
	at org.junit.runners.ParentRunner$3.run(ParentRunner.java:193)
	at org.junit.runners.ParentRunner$1.schedule(ParentRunner.java:52)
	at org.junit.runners.ParentRunner.runChildren(ParentRunner.java:191)
	at org.junit.runners.ParentRunner.access$000(ParentRunner.java:42)
	at org.junit.runners.ParentRunner$2.evaluate(ParentRunner.java:184)
	at org.junit.runners.ParentRunner.run(ParentRunner.java:236)
	at org.eclipse.jdt.internal.junit4.runner.JUnit4TestReference.run(JUnit4TestReference.java:49)
	at org.eclipse.jdt.internal.junit.runner.TestExecution.run(TestExecution.java:38)
	at org.eclipse.jdt.internal.junit.runner.RemoteTestRunner.runTests(RemoteTestRunner.java:467)
	at org.eclipse.jdt.internal.junit.runner.RemoteTestRunner.runTests(RemoteTestRunner.java:683)
	at org.eclipse.jdt.internal.junit.runner.RemoteTestRunner.run(RemoteTestRunner.java:390)
	at org.eclipse.jdt.internal.junit.runner.RemoteTestRunner.main(RemoteTestRunner.java:197)
Test hasOneA () failed with status ERROR
Test root () failed with status ERROR
</system-err>
  </testsuite>
  <testsuite errors="0" failures="0" hostname="dyn107.cs.york.ac.uk" id="9" name="with-annotation" package="default" tests="4" time="0.0910000">
    <properties>
[...]
</properties>
    <testcase classname="default.with-annotation.eunit" name="hasOneA[1]" time="0.0230000" />
    <testcase classname="default.with-annotation.eunit" name="hasOneA[2]" time="0.0220000" />
    <testcase classname="default.with-annotation.eunit" name="hasOneB" time="0.0220000" />
    <testcase classname="default.with-annotation.eunit" name="hasTwoB" time="0.0230000" />
    <system-out>Test hasOneA[1] (&apos;&apos; is &apos;A&apos;) passed [cpu: 22 ms, wallclock: 23 ms]
Test hasOneA[2] (&apos;&apos; is &apos;B&apos;) passed [cpu: 22 ms, wallclock: 22 ms]
Test hasOneA () passed [cpu: 45 ms, wallclock: 46 ms]
Test hasOneB (&apos;&apos; is &apos;A&apos;) passed [cpu: 22 ms, wallclock: 22 ms]
Test hasTwoB (&apos;&apos; is &apos;B&apos;) passed [cpu: 22 ms, wallclock: 23 ms]
Test root () passed [cpu: 90 ms, wallclock: 91 ms]
Global result: SUCCESS [cpu: 90 ms, wallclock: 91 ms]
</system-out>
    <system-err />
  </testsuite>
  <testsuite errors="0" failures="0" hostname="dyn107.cs.york.ac.uk" id="10" name="sample" package="mypackage" tests="2" time="0.0230000">
    <properties>
[...]
</properties>
    <testcase classname="mypackage.sample.eunit" name="twoElements" time="0.0110000" />
    <testcase classname="mypackage.sample.eunit" name="firstElement" time="0.0120000" />
    <system-out>Test twoElements () passed [cpu: 11 ms, wallclock: 11 ms]
Test firstElement () passed [cpu: 11 ms, wallclock: 12 ms]
Test root () passed [cpu: 23 ms, wallclock: 23 ms]
Global result: SUCCESS [cpu: 23 ms, wallclock: 23 ms]
</system-out>
    <system-err />
  </testsuite>
</testsuites>
